19.03.2017 11:03:51 sql=[SELECT * FROM vp_products WHERE prod_id IN(29) ORDER BY prod_id DESC] 
19.03.2017 11:05:07 sql=[SELECT * FROM vp_products WHERE prod_id IN(29,27) ORDER BY prod_id DESC] 
19.03.2017 11:05:20 sql=[SELECT * FROM vp_products WHERE prod_id IN(29,27) ORDER BY prod_id DESC] 
19.03.2017 11:12:57 sql=[SELECT * FROM vp_products WHERE prod_id IN(29,27) ORDER BY prod_id DESC] 
19.03.2017 11:14:58 sql=[SELECT * FROM vp_products WHERE prod_id IN(31) ORDER BY prod_id DESC] 
19.03.2017 11:15:11 sql=[SELECT * FROM vp_products WHERE prod_id IN(31) ORDER BY prod_id DESC] 
19.03.2017 11:15:33 sql=[SELECT * FROM vp_products WHERE prod_id IN(31,30) ORDER BY prod_id DESC] 
19.03.2017 11:15:46 sql=[SELECT * FROM vp_products WHERE prod_id IN(31,30) ORDER BY prod_id DESC] 
19.03.2017 11:17:54 sql=[SELECT * FROM vp_products WHERE prod_id IN(30) ORDER BY prod_id DESC] 
19.03.2017 11:18:11 sql=[SELECT * FROM vp_products WHERE prod_id IN(30,31) ORDER BY prod_id DESC] 
19.03.2017 11:18:17 sql=[SELECT * FROM vp_products WHERE prod_id IN(30,31) ORDER BY prod_id DESC] 
19.03.2017 11:25:27 sql=[SELECT * FROM vp_products WHERE prod_id IN(31) ORDER BY prod_id DESC] 
19.03.2017 11:26:11 sql=[SELECT * FROM vp_products WHERE prod_id IN(31) ORDER BY prod_id DESC] 
19.03.2017 11:27:41 sql=[SELECT * FROM vp_products WHERE prod_id IN(31) ORDER BY prod_id DESC] 
19.03.2017 11:27:45 sql=[SELECT * FROM vp_products WHERE prod_id IN(31) ORDER BY prod_id DESC] 
19.03.2017 11:33:18 sql=[SELECT * FROM vp_products WHERE prod_id IN(31) ORDER BY prod_id DESC] 
19.03.2017 11:35:17 sql=[SELECT * FROM vp_products WHERE prod_id IN(31,10) ORDER BY prod_id DESC] 
19.03.2017 11:35:34 sql=[SELECT * FROM vp_products WHERE prod_id IN(31,10) ORDER BY prod_id DESC] 
19.03.2017 11:45:36 sql=[SELECT * FROM vp_products WHERE prod_id IN(7) ORDER BY prod_id DESC] 
19.03.2017 11:47:03 sql=[SELECT * FROM vp_products WHERE prod_id IN(7,30) ORDER BY prod_id DESC] 
19.03.2017 11:48:47 sql=[SELECT * FROM vp_products WHERE prod_id IN(30) ORDER BY prod_id DESC] 
19.03.2017 12:09:58 sql=[SELECT * FROM vp_products WHERE prod_id IN(30) ORDER BY prod_id DESC] 
19.03.2017 12:46:17 sql=[SELECT * FROM vp_products WHERE prod_id IN(30) ORDER BY prod_id DESC] 
19.03.2017 12:46:44 sql=[SELECT * FROM vp_products WHERE prod_id IN(30) ORDER BY prod_id DESC] 
19.03.2017 12:51:22 sql=[SELECT * FROM vp_products WHERE prod_id IN(30) ORDER BY prod_id DESC] 
19.03.2017 12:52:15 sql=[SELECT * FROM vp_products WHERE prod_id IN(30) ORDER BY prod_id DESC] 
19.03.2017 12:53:19 sql=[SELECT * FROM vp_products WHERE prod_id IN(30) ORDER BY prod_id DESC] 
19.03.2017 01:52:51 sql=[SELECT * FROM vp_products WHERE prod_id IN(30) ORDER BY prod_id DESC] 
19.03.2017 01:53:20 sql=[SELECT * FROM vp_products WHERE prod_id IN(30) ORDER BY prod_id DESC] 
19.03.2017 01:53:58 sql=[SELECT * FROM vp_products WHERE prod_id IN(30) ORDER BY prod_id DESC] 
19.03.2017 02:29:04 sql=[SELECT * FROM vp_products WHERE prod_id IN(10) ORDER BY prod_id DESC] 
19.03.2017 04:19:13 sql=[SELECT * FROM vp_products WHERE prod_id IN(10,29) ORDER BY prod_id DESC] 
19.03.2017 04:19:17 sql=[SELECT * FROM vp_products WHERE prod_id IN(10,29) ORDER BY prod_id DESC] 
19.03.2017 04:50:28 sql=[SELECT * FROM vp_products WHERE prod_id IN(9) ORDER BY prod_id DESC] 
19.03.2017 05:03:55 sql=[SELECT * FROM vp_products WHERE prod_id IN(10) ORDER BY prod_id DESC] 
20.03.2017 09:33:15 sql=[SELECT * FROM vp_products WHERE prod_id IN(30) ORDER BY prod_id DESC] 
20.03.2017 10:40:27 sql=[SELECT *FROM vp_products WHERE id=9] 
20.03.2017 10:40:27 Khong the select duoc,ERROR=[Unknown column 'id' in 'where clause'] 
20.03.2017 10:40:27 COUNT=[0] 
20.03.2017 10:40:45 sql=[SELECT *FROM vp_products WHERE id=9] 
20.03.2017 10:40:45 Khong the select duoc,ERROR=[Unknown column 'id' in 'where clause'] 
20.03.2017 10:40:45 COUNT=[0] 
20.03.2017 10:41:25 sql=[SELECT *FROM vp_products WHERE id=7] 
20.03.2017 10:41:25 Khong the select duoc,ERROR=[Unknown column 'id' in 'where clause'] 
20.03.2017 10:41:25 COUNT=[0] 
20.03.2017 10:42:02 sql=[SELECT *FROM vp_products WHERE id=7] 
20.03.2017 10:42:02 Khong the select duoc,ERROR=[Unknown column 'id' in 'where clause'] 
20.03.2017 10:42:02 COUNT=[0] 
20.03.2017 10:42:10 sql=[SELECT *FROM vp_products WHERE id=7] 
20.03.2017 10:42:10 Khong the select duoc,ERROR=[Unknown column 'id' in 'where clause'] 
20.03.2017 10:42:10 COUNT=[0] 
20.03.2017 10:42:21 sql=[SELECT *FROM vp_products WHERE id=9] 
20.03.2017 10:42:21 Khong the select duoc,ERROR=[Unknown column 'id' in 'where clause'] 
20.03.2017 10:42:21 COUNT=[0] 
20.03.2017 10:42:42 sql=[SELECT *FROM vp_products WHERE id=9] 
20.03.2017 10:42:42 Khong the select duoc,ERROR=[Unknown column 'id' in 'where clause'] 
20.03.2017 10:42:42 COUNT=[0] 
20.03.2017 10:42:43 sql=[SELECT *FROM vp_products WHERE id=9] 
20.03.2017 10:42:43 Khong the select duoc,ERROR=[Unknown column 'id' in 'where clause'] 
20.03.2017 10:42:43 COUNT=[0] 
20.03.2017 10:42:43 sql=[SELECT *FROM vp_products WHERE id=9] 
20.03.2017 10:42:43 Khong the select duoc,ERROR=[Unknown column 'id' in 'where clause'] 
20.03.2017 10:42:43 COUNT=[0] 
20.03.2017 10:43:56 sql=[SELECT *FROM vp_products WHERE id=9] 
20.03.2017 10:43:56 Khong the select duoc,ERROR=[Unknown column 'id' in 'where clause'] 
20.03.2017 10:43:56 COUNT=[0] 
20.03.2017 10:43:56 sql=[SELECT * FROM vp_products WHERE prod_id IN(9) ORDER BY prod_id DESC] 
20.03.2017 10:44:03 sql=[SELECT *FROM vp_products WHERE id=9] 
20.03.2017 10:44:03 Khong the select duoc,ERROR=[Unknown column 'id' in 'where clause'] 
20.03.2017 10:44:03 COUNT=[0] 
20.03.2017 10:44:03 sql=[SELECT * FROM vp_products WHERE prod_id IN(9) ORDER BY prod_id DESC] 
20.03.2017 10:44:35 sql=[SELECT *FROM vp_products WHERE id=7] 
20.03.2017 10:44:35 Khong the select duoc,ERROR=[Unknown column 'id' in 'where clause'] 
20.03.2017 10:44:35 COUNT=[0] 
20.03.2017 10:44:36 sql=[SELECT * FROM vp_products WHERE prod_id IN(7) ORDER BY prod_id DESC] 
20.03.2017 10:45:04 sql=[SELECT * FROM vp_products WHERE prod_id IN(7) ORDER BY prod_id DESC] 
20.03.2017 10:47:18 sql=[SELECT * FROM vp_products WHERE prod_id IN(7) ORDER BY prod_id DESC] 
20.03.2017 10:47:18 sql=[SELECT *FROM vp_products WHERE prod_id=7] 
20.03.2017 10:47:47 sql=[SELECT * FROM vp_products WHERE prod_id IN(7,9) ORDER BY prod_id DESC] 
20.03.2017 10:47:47 sql=[SELECT *FROM vp_products WHERE prod_id=9] 
20.03.2017 10:50:22 sql=[SELECT *FROM vp_products WHERE prod_id=9] 
20.03.2017 10:50:32 sql=[SELECT *FROM vp_products WHERE prod_id=9] 
20.03.2017 10:50:56 sql=[SELECT *FROM vp_products WHERE prod_id=9] 
20.03.2017 10:52:36 sql=[SELECT *FROM vp_products WHERE prod_id=17] 
21.03.2017 01:15:27 sql=[SELECT *FROM vp_products WHERE prod_id=31] 
21.03.2017 01:15:27 sql=[SELECT * FROM vp_products WHERE prod_id IN(31) ORDER BY prod_id DESC] 
21.03.2017 01:17:00 sql=[SELECT *FROM vp_products WHERE prod_id=30] 
21.03.2017 01:17:00 sql=[SELECT * FROM vp_products WHERE prod_id IN(31,30) ORDER BY prod_id DESC] 
21.03.2017 01:17:52 sql=[SELECT *FROM vp_products WHERE prod_id=7] 
21.03.2017 01:17:52 sql=[SELECT * FROM vp_products WHERE prod_id IN(7) ORDER BY prod_id DESC] 
21.03.2017 01:23:46 sql=[SELECT *FROM vp_products WHERE prod_id=7] 
21.03.2017 01:23:46 sql=[SELECT * FROM vp_products WHERE prod_id IN(7) ORDER BY prod_id DESC] 
21.03.2017 01:23:55 sql=[SELECT *FROM vp_products WHERE prod_id=7] 
21.03.2017 01:23:55 sql=[SELECT * FROM vp_products WHERE prod_id IN(7) ORDER BY prod_id DESC] 
21.03.2017 01:24:09 sql=[SELECT *FROM vp_products WHERE prod_id=9] 
21.03.2017 01:24:23 sql=[SELECT *FROM vp_products WHERE prod_id=28] 
21.03.2017 01:24:23 sql=[SELECT * FROM vp_products WHERE prod_id IN(7,28) ORDER BY prod_id DESC] 
21.03.2017 01:25:07 sql=[SELECT *FROM vp_products WHERE prod_id=7] 
21.03.2017 01:25:07 sql=[SELECT * FROM vp_products WHERE prod_id IN(7) ORDER BY prod_id DESC] 
21.03.2017 01:27:50 sql=[SELECT *FROM vp_products WHERE prod_id=9] 
21.03.2017 01:27:59 sql=[SELECT *FROM vp_products WHERE prod_id=6] 
21.03.2017 01:27:59 sql=[SELECT * FROM vp_products WHERE prod_id IN(6) ORDER BY prod_id DESC] 
21.03.2017 01:30:11 sql=[SELECT *FROM vp_products WHERE prod_id=30] 
21.03.2017 01:30:11 sql=[SELECT * FROM vp_products WHERE prod_id IN(6,30) ORDER BY prod_id DESC] 
21.03.2017 01:34:58 sql=[SELECT *FROM vp_products WHERE prod_id=7] 
21.03.2017 01:34:58 sql=[SELECT * FROM vp_products WHERE prod_id IN(7) ORDER BY prod_id DESC] 
21.03.2017 01:36:34 sql=[SELECT *FROM vp_products WHERE prod_id=9] 
21.03.2017 01:36:58 sql=[SELECT *FROM vp_products WHERE prod_id=31] 
21.03.2017 01:36:58 sql=[SELECT * FROM vp_products WHERE prod_id IN(31) ORDER BY prod_id DESC] 
21.03.2017 01:39:22 sql=[SELECT *FROM vp_products WHERE prod_id=7] 
21.03.2017 01:39:22 sql=[SELECT * FROM vp_products WHERE prod_id IN(7) ORDER BY prod_id DESC] 
21.03.2017 01:43:28 sql=[SELECT *FROM vp_products WHERE prod_id=7] 
21.03.2017 01:43:28 sql=[SELECT * FROM vp_products WHERE prod_id IN(7) ORDER BY prod_id DESC] 
21.03.2017 01:44:05 sql=[SELECT *FROM vp_products WHERE prod_id=7] 
21.03.2017 01:44:05 sql=[SELECT * FROM vp_products WHERE prod_id IN(7) ORDER BY prod_id DESC] 
21.03.2017 01:44:10 sql=[SELECT *FROM vp_products WHERE prod_id=7] 
21.03.2017 01:44:10 sql=[SELECT * FROM vp_products WHERE prod_id IN(7) ORDER BY prod_id DESC] 
21.03.2017 01:44:19 sql=[SELECT *FROM vp_products WHERE prod_id=29] 
21.03.2017 01:44:19 sql=[SELECT * FROM vp_products WHERE prod_id IN(7,29) ORDER BY prod_id DESC] 
23.03.2017 02:57:46 sql=[SELECT *FROM vp_products WHERE prod_id=10] 
23.03.2017 02:57:59 sql=[SELECT *FROM vp_products WHERE prod_id=31] 
23.03.2017 02:57:59 sql=[SELECT * FROM vp_products WHERE prod_id IN(31) ORDER BY prod_id DESC] 
23.03.2017 03:02:03 sql=[SELECT *FROM vp_products WHERE prod_id=17] 
23.03.2017 03:02:03 sql=[SELECT * FROM vp_products WHERE prod_id IN(31,17) ORDER BY prod_id DESC] 
23.03.2017 03:03:33 sql=[SELECT *FROM vp_products WHERE prod_id=6] 
23.03.2017 03:03:33 sql=[SELECT * FROM vp_products WHERE prod_id IN(6) ORDER BY prod_id DESC] 
23.03.2017 03:04:54 sql=[SELECT *FROM vp_products WHERE prod_id=6] 
23.03.2017 03:04:54 sql=[SELECT * FROM vp_products WHERE prod_id IN(6) ORDER BY prod_id DESC] 
23.03.2017 03:05:03 sql=[SELECT *FROM vp_products WHERE prod_id=9] 
23.03.2017 03:05:19 sql=[SELECT *FROM vp_products WHERE prod_id=14] 
23.03.2017 03:05:25 sql=[SELECT *FROM vp_products WHERE prod_id=5] 
23.03.2017 03:05:25 sql=[SELECT * FROM vp_products WHERE prod_id IN(6,5) ORDER BY prod_id DESC] 
23.03.2017 03:15:21 sql=[SELECT *FROM vp_products WHERE prod_id=5] 
23.03.2017 03:15:21 sql=[SELECT * FROM vp_products WHERE prod_id IN(5) ORDER BY prod_id DESC] 
24.03.2017 03:56:22 sql=[SELECT *FROM vp_products WHERE prod_id=7] 
24.03.2017 03:56:22 sql=[SELECT * FROM vp_products WHERE prod_id IN(7) ORDER BY prod_id DESC] 
24.03.2017 03:56:29 sql=[SELECT *FROM vp_products WHERE prod_id=7] 
24.03.2017 03:56:29 sql=[SELECT * FROM vp_products WHERE prod_id IN(7) ORDER BY prod_id DESC] 
27.03.2017 12:04:40 sql=[SELECT *FROM vp_products WHERE prod_id=10] 
27.03.2017 12:04:56 sql=[SELECT *FROM vp_products WHERE prod_id=7] 
27.03.2017 12:04:56 sql=[SELECT * FROM vp_products WHERE prod_id IN(7) ORDER BY prod_id DESC] 
27.03.2017 12:07:24 sql=[SELECT *FROM vp_products WHERE prod_id=5] 
27.03.2017 12:07:24 sql=[SELECT * FROM vp_products WHERE prod_id IN(5) ORDER BY prod_id DESC] 
30.03.2017 03:29:20 sql=[SELECT *FROM vp_products WHERE prod_id=10] 
30.03.2017 03:29:44 sql=[SELECT *FROM vp_products WHERE prod_id=5] 
30.03.2017 03:29:44 sql=[SELECT * FROM vp_products WHERE prod_id IN(5) ORDER BY prod_id DESC] 
31.03.2017 04:52:35 sql=[SELECT *FROM vp_products WHERE prod_id=7] 
31.03.2017 04:52:35 sql=[SELECT * FROM vp_products WHERE prod_id IN(7) ORDER BY prod_id DESC] 
31.03.2017 04:54:28 sql=[SELECT *FROM vp_products WHERE prod_id=5] 
31.03.2017 04:54:28 sql=[SELECT * FROM vp_products WHERE prod_id IN(5) ORDER BY prod_id DESC] 
31.03.2017 06:14:44 sql=[SELECT *FROM vp_products WHERE prod_id=7] 
31.03.2017 06:14:44 sql=[SELECT * FROM vp_products WHERE prod_id IN(7) ORDER BY prod_id DESC] 
31.03.2017 06:16:53 sql=[SELECT *FROM vp_products WHERE prod_id=7] 
31.03.2017 06:16:53 sql=[SELECT * FROM vp_products WHERE prod_id IN(7) ORDER BY prod_id DESC] 
31.03.2017 06:17:05 sql=[SELECT *FROM vp_products WHERE prod_id=5] 
31.03.2017 06:17:05 sql=[SELECT * FROM vp_products WHERE prod_id IN(7,5) ORDER BY prod_id DESC] 
31.03.2017 06:23:26 sql=[SELECT *FROM vp_products WHERE prod_id=7] 
31.03.2017 06:23:26 sql=[SELECT * FROM vp_products WHERE prod_id IN(7) ORDER BY prod_id DESC] 
31.03.2017 07:05:41 sql=[SELECT *FROM vp_products WHERE prod_id=6] 
31.03.2017 07:05:41 sql=[SELECT * FROM vp_products WHERE prod_id IN(6) ORDER BY prod_id DESC] 
01.04.2017 06:14:58 sql=[SELECT *FROM vp_products WHERE prod_id=7] 
01.04.2017 06:14:58 sql=[SELECT * FROM vp_products WHERE prod_id IN(7) ORDER BY prod_id DESC] 
01.04.2017 06:14:59 sql=[SELECT *FROM vp_products WHERE prod_id=7] 
01.04.2017 06:14:59 sql=[SELECT * FROM vp_products WHERE prod_id IN(7) ORDER BY prod_id DESC] 
01.04.2017 05:12:07 sql=[SELECT *FROM vp_products WHERE prod_id=37] 
01.04.2017 05:12:07 sql=[SELECT * FROM vp_products WHERE prod_id IN(37) ORDER BY prod_id DESC] 
