21.03.2017 04:07:11 sql=[SELECT *FROM  vp_products INNER JOIN vp_categories on vp_products.prod_cate=vp_categories.cate_id ORDER BY  prod_id DESC ] 
21.03.2017 04:07:35 sql=[SELECT *FROM vp_categories] 
21.03.2017 04:08:27 sql=[SELECT *FROM vp_categories] 
21.03.2017 04:46:53 sql=[SELECT *FROM vp_categories] 
21.03.2017 04:47:15 sql=[SELECT *FROM vp_categories] 
21.03.2017 04:47:36 sql=[SELECT *FROM vp_categories] 
21.03.2017 04:48:11 sql=[SELECT *FROM vp_categories] 
22.03.2017 04:22:32 sql=[SELECT * FROM vp_users WHERE email='admin@gmail.com'and level=1] 
22.03.2017 04:22:32 sql=[SELECT *FROM  vp_users Where level=2] 
22.03.2017 04:22:36 sql=[SELECT *FROM  vp_products INNER JOIN vp_categories on vp_products.prod_cate=vp_categories.cate_id ORDER BY  prod_id DESC ] 
22.03.2017 04:22:39 sql=[SELECT *FROM vp_categories] 
22.03.2017 04:25:44 sql=[SELECT *FROM vp_categories] 
22.03.2017 04:27:19 sql=[SELECT *FROM vp_categories] 
22.03.2017 04:27:42 sql=[SELECT *FROM vp_categories] 
22.03.2017 04:29:16 sql=[SELECT *FROM vp_categories] 
22.03.2017 04:30:56 sql=[SELECT *FROM vp_categories] 
22.03.2017 04:31:08 sql=[SELECT *FROM vp_categories] 
22.03.2017 04:31:35 sql=[SELECT *FROM vp_categories] 
22.03.2017 04:35:42 sql=[SELECT *FROM vp_categories] 
22.03.2017 04:36:40 sql=[SELECT *FROM vp_categories] 
22.03.2017 05:01:32 sql=[SELECT *FROM vp_categories] 
22.03.2017 05:10:06 sql=[SELECT *FROM vp_categories] 
22.03.2017 05:10:31 sql=[SELECT *FROM vp_categories] 
22.03.2017 05:10:35 sql=[SELECT *FROM  vp_products INNER JOIN vp_categories on vp_products.prod_cate=vp_categories.cate_id ORDER BY  prod_id DESC ] 
22.03.2017 05:11:18 sql=[SELECT *FROM  vp_products INNER JOIN vp_categories on vp_products.prod_cate=vp_categories.cate_id ORDER BY  prod_id DESC ] 
22.03.2017 05:12:11 sql=[SELECT *FROM  vp_products INNER JOIN vp_categories on vp_products.prod_cate=vp_categories.cate_id ORDER BY  prod_id DESC ] 
22.03.2017 05:12:33 sql=[SELECT *FROM  vp_products INNER JOIN vp_categories on vp_products.prod_cate=vp_categories.cate_id ORDER BY  prod_id DESC ] 
22.03.2017 05:14:04 sql=[SELECT * FROM vp_products where prod_id=19 ] 
22.03.2017 05:14:04 sql=[SELECT *FROM vp_categories] 
22.03.2017 05:14:25 sql=[SELECT * FROM vp_products where prod_id=19 ] 
22.03.2017 05:14:26 sql=[SELECT *FROM vp_categories] 
22.03.2017 05:17:35 sql=[SELECT * FROM vp_products where prod_id=19 ] 
22.03.2017 05:17:35 sql=[SELECT *FROM vp_categories] 
22.03.2017 05:22:19 sql=[SELECT * FROM vp_products where prod_id=19 ] 
22.03.2017 05:22:19 sql=[SELECT *FROM vp_categories] 
22.03.2017 05:24:22 sql=[SELECT * FROM vp_products where prod_id=19 ] 
22.03.2017 05:24:22 sql=[SELECT *FROM vp_categories] 
22.03.2017 05:37:35 sql=[SELECT * FROM vp_products where prod_id=19 ] 
22.03.2017 05:37:35 sql=[SELECT *FROM vp_categories] 
22.03.2017 05:37:51 sql=[SELECT * FROM vp_products where prod_id=19 ] 
22.03.2017 05:37:51 sql=[SELECT *FROM vp_categories] 
23.03.2017 01:07:02 sql=[SELECT * FROM vp_users WHERE email='admin@gmail.com'and level=1] 
23.03.2017 01:07:03 sql=[SELECT *FROM  vp_users Where level=2] 
23.03.2017 01:07:10 sql=[SELECT *FROM  vp_products INNER JOIN vp_categories on vp_products.prod_cate=vp_categories.cate_id ORDER BY  prod_id DESC ] 
23.03.2017 01:14:01 sql=[SELECT * FROM vp_products where prod_id=35 ] 
23.03.2017 01:14:01 sql=[SELECT *FROM vp_categories] 
23.03.2017 01:14:11 sql=[SELECT * FROM vp_products where prod_id=35 ] 
23.03.2017 01:14:11 sql=[SELECT *FROM vp_categories] 
23.03.2017 01:16:53 sql=[SELECT * FROM vp_products where prod_id=35 ] 
23.03.2017 01:16:53 sql=[SELECT *FROM vp_categories] 
23.03.2017 01:18:03 sql=[SELECT * FROM vp_products where prod_id=35 ] 
23.03.2017 01:18:03 sql=[SELECT *FROM vp_categories] 
23.03.2017 01:18:13 sql=[SELECT * FROM vp_products where prod_id=35 ] 
23.03.2017 01:18:13 sql=[SELECT *FROM vp_categories] 
23.03.2017 01:19:00 sql=[SELECT * FROM vp_products where prod_id=35 ] 
23.03.2017 01:19:00 sql=[SELECT *FROM vp_categories] 
23.03.2017 01:26:30 sql=[SELECT * FROM vp_products where prod_id=35 ] 
23.03.2017 01:26:30 sql=[SELECT *FROM vp_categories] 
23.03.2017 01:31:04 sql=[SELECT * FROM vp_products where prod_id=35 ] 
23.03.2017 01:31:04 sql=[SELECT *FROM vp_categories] 
23.03.2017 01:31:20 sql=[SELECT * FROM vp_products where prod_id=35 ] 
23.03.2017 01:31:20 sql=[SELECT *FROM vp_categories] 
23.03.2017 01:31:22 sql=[SELECT * FROM vp_products where prod_id=35 ] 
23.03.2017 01:31:22 sql=[SELECT *FROM vp_categories] 
23.03.2017 01:33:11 sql=[SELECT * FROM vp_products where prod_id=35 ] 
23.03.2017 01:33:11 sql=[SELECT *FROM vp_categories] 
23.03.2017 07:33:12 <!-- sql=[update vp_products set prod_name=n'sam sung s8',prod_slug=n's8',prod_price=n'30',prod_img=n'642htc1.png',prod_warranty=n'12 month',prod_accessories=n'full-box',number=n'10',prod_promotion=n'12',prod_status=n'1',prod_description=n'12',prod_cate=n'2',updated_at=n'2017-03-23-07-33-11' where prod_id=35] --> 
23.03.2017 01:34:09 sql=[SELECT *FROM  vp_products INNER JOIN vp_categories on vp_products.prod_cate=vp_categories.cate_id ORDER BY  prod_id DESC ] 
23.03.2017 01:34:12 sql=[SELECT * FROM vp_products where prod_id=35 ] 
23.03.2017 01:34:13 sql=[SELECT *FROM vp_categories] 
23.03.2017 01:34:58 sql=[SELECT * FROM vp_products where prod_id=35 ] 
23.03.2017 01:34:58 sql=[SELECT *FROM vp_categories] 
23.03.2017 01:35:12 sql=[SELECT *FROM  vp_products INNER JOIN vp_categories on vp_products.prod_cate=vp_categories.cate_id ORDER BY  prod_id DESC ] 
23.03.2017 01:35:15 sql=[SELECT * FROM vp_products where prod_id=35 ] 
23.03.2017 01:35:15 sql=[SELECT *FROM vp_categories] 
23.03.2017 01:35:21 sql=[SELECT * FROM vp_products where prod_id=35 ] 
23.03.2017 01:35:21 sql=[SELECT *FROM vp_categories] 
23.03.2017 01:36:02 sql=[SELECT * FROM vp_products where prod_id=35 ] 
23.03.2017 01:36:02 sql=[SELECT *FROM vp_categories] 
23.03.2017 01:36:19 sql=[SELECT * FROM vp_products where prod_id=35 ] 
23.03.2017 01:36:19 sql=[SELECT *FROM vp_categories] 
23.03.2017 01:37:00 sql=[SELECT * FROM vp_products where prod_id=35 ] 
23.03.2017 01:37:00 sql=[SELECT *FROM vp_categories] 
23.03.2017 01:37:30 sql=[SELECT * FROM vp_products where prod_id=35 ] 
23.03.2017 01:37:30 sql=[SELECT *FROM vp_categories] 
23.03.2017 01:41:44 sql=[SELECT * FROM vp_products where prod_id=35 ] 
23.03.2017 01:41:44 sql=[SELECT *FROM vp_categories] 
23.03.2017 01:42:26 sql=[SELECT * FROM vp_products where prod_id=35 ] 
23.03.2017 01:42:26 sql=[SELECT *FROM vp_categories] 
23.03.2017 01:42:38 sql=[SELECT * FROM vp_products where prod_id=35 ] 
23.03.2017 01:42:38 sql=[SELECT *FROM vp_categories] 
23.03.2017 01:42:41 sql=[SELECT * FROM vp_products where prod_id=35 ] 
23.03.2017 01:42:41 sql=[SELECT *FROM vp_categories] 
23.03.2017 07:42:41 sql=[SELECT * FROM vp_products Where prod_name='sam sung s8'] 
23.03.2017 01:43:53 sql=[SELECT * FROM vp_products where prod_id=35 ] 
23.03.2017 01:43:54 sql=[SELECT *FROM vp_categories] 
23.03.2017 07:43:54 sql=[SELECT * FROM vp_products Where prod_name !='sam sung s8'] 
23.03.2017 01:44:51 sql=[SELECT * FROM vp_products where prod_id=35 ] 
23.03.2017 01:44:51 sql=[SELECT *FROM vp_categories] 
23.03.2017 07:44:51 sql=[SELECT * FROM vp_products Where prod_name !='sam sung s8'] 
23.03.2017 01:45:04 sql=[SELECT * FROM vp_products where prod_id=35 ] 
23.03.2017 01:45:04 sql=[SELECT *FROM vp_categories] 
23.03.2017 07:45:04 sql=[SELECT * FROM vp_products Where prod_name !='sam sung s8'] 
23.03.2017 01:50:42 sql=[SELECT * FROM vp_products where prod_id=35 ] 
23.03.2017 01:50:42 sql=[SELECT *FROM vp_categories] 
23.03.2017 01:50:56 sql=[SELECT * FROM vp_products where prod_id=35 ] 
23.03.2017 01:50:56 sql=[SELECT *FROM vp_categories] 
23.03.2017 07:50:56 sql=[SELECT * FROM vp_products Where prod_name !='sam sung s8'] 
23.03.2017 01:52:35 sql=[SELECT * FROM vp_products where prod_id=35 ] 
23.03.2017 01:52:35 sql=[SELECT *FROM vp_categories] 
23.03.2017 07:52:35 sql=[SELECT * FROM vp_products Where prod_name !='sam sung s8'] 
23.03.2017 01:53:08 sql=[SELECT * FROM vp_products where prod_id=35 ] 
23.03.2017 01:53:08 sql=[SELECT *FROM vp_categories] 
23.03.2017 01:53:21 sql=[SELECT * FROM vp_products where prod_id=35 ] 
23.03.2017 01:53:21 sql=[SELECT *FROM vp_categories] 
23.03.2017 07:53:21 sql=[SELECT * FROM vp_products Where prod_name !='sam sung s8'] 
23.03.2017 01:53:24 sql=[SELECT * FROM vp_products where prod_id=35 ] 
23.03.2017 01:53:24 sql=[SELECT *FROM vp_categories] 
23.03.2017 01:53:28 sql=[SELECT * FROM vp_products where prod_id=35 ] 
23.03.2017 01:53:28 sql=[SELECT *FROM vp_categories] 
23.03.2017 07:53:28 sql=[SELECT * FROM vp_products Where prod_name !='sam sung s8'] 
23.03.2017 01:54:58 sql=[SELECT * FROM vp_products where prod_id=35 ] 
23.03.2017 01:54:58 sql=[SELECT *FROM vp_categories] 
23.03.2017 01:58:52 sql=[SELECT * FROM vp_products where prod_id=35 ] 
23.03.2017 01:58:52 sql=[SELECT *FROM vp_categories] 
23.03.2017 01:58:56 sql=[SELECT * FROM vp_products where prod_id=35 ] 
23.03.2017 01:58:56 sql=[SELECT *FROM vp_categories] 
23.03.2017 01:59:04 sql=[SELECT * FROM vp_products where prod_id=35 ] 
23.03.2017 01:59:04 sql=[SELECT *FROM vp_categories] 
23.03.2017 01:59:59 sql=[SELECT * FROM vp_products where prod_id=35 ] 
23.03.2017 01:59:59 sql=[SELECT *FROM vp_categories] 
23.03.2017 02:00:12 sql=[SELECT * FROM vp_products where prod_id=35 ] 
23.03.2017 02:00:12 sql=[SELECT *FROM vp_categories] 
23.03.2017 02:00:16 sql=[SELECT * FROM vp_products where prod_id=35 ] 
23.03.2017 02:00:16 sql=[SELECT *FROM vp_categories] 
23.03.2017 02:00:18 sql=[SELECT *FROM  vp_products INNER JOIN vp_categories on vp_products.prod_cate=vp_categories.cate_id ORDER BY  prod_id DESC ] 
23.03.2017 02:00:21 sql=[SELECT * FROM vp_products where prod_id=35 ] 
23.03.2017 02:00:21 sql=[SELECT *FROM vp_categories] 
23.03.2017 02:00:23 sql=[SELECT * FROM vp_products where prod_id=35 ] 
23.03.2017 02:00:23 sql=[SELECT *FROM vp_categories] 
23.03.2017 02:05:32 sql=[SELECT * FROM vp_products where prod_id=35 ] 
23.03.2017 02:05:32 sql=[SELECT *FROM vp_categories] 
23.03.2017 02:05:48 sql=[SELECT * FROM vp_products where prod_id=35 ] 
23.03.2017 02:05:49 sql=[SELECT *FROM vp_categories] 
23.03.2017 02:07:13 sql=[SELECT * FROM vp_products where prod_id=35 ] 
23.03.2017 02:07:13 sql=[SELECT *FROM vp_categories] 
23.03.2017 02:11:26 sql=[SELECT *FROM  vp_products INNER JOIN vp_categories on vp_products.prod_cate=vp_categories.cate_id ORDER BY  prod_id DESC ] 
23.03.2017 02:17:49 sql=[SELECT *FROM vp_categories] 
23.03.2017 02:18:26 sql=[SELECT *FROM vp_categories] 
23.03.2017 08:18:26 <!-- sql=[insert into vp_products (prod_name,prod_slug,prod_price,prod_img,prod_warranty,prod_accessories,number,prod_promotion,prod_status,prod_description,prod_cate,created_at,updated_at) values (n'nguyendai1',n'121',n'40',n'932iphone7-red.png',n'12 month',n'full-box',n'10',n'12',n'1',n'12',n'2',n'2017-03-23-08-03-26',n'2017-03-23-08-03-26')] --> 
23.03.2017 02:18:30 sql=[SELECT *FROM  vp_products INNER JOIN vp_categories on vp_products.prod_cate=vp_categories.cate_id ORDER BY  prod_id DESC ] 
23.03.2017 02:18:44 sql=[SELECT * FROM vp_products where prod_id=36 ] 
23.03.2017 02:18:44 sql=[SELECT *FROM vp_categories] 
23.03.2017 02:18:48 sql=[SELECT * FROM vp_products where prod_id=36 ] 
23.03.2017 02:18:48 sql=[SELECT *FROM vp_categories] 
23.03.2017 02:19:05 sql=[SELECT * FROM vp_products where prod_id=36 ] 
23.03.2017 02:19:05 sql=[SELECT *FROM vp_categories] 
23.03.2017 02:19:16 sql=[SELECT * FROM vp_products where prod_id=36 ] 
23.03.2017 02:19:16 sql=[SELECT *FROM vp_categories] 
23.03.2017 08:19:16 <!-- sql=[update vp_products set prod_name=n'nguyendai1',prod_slug=n'121',prod_price=n'40',prod_img=n'847iphone7.2.png',prod_warranty=n'12 month',prod_accessories=n'full-box',number=n'10',prod_promotion=n'12',prod_status=n'1',prod_description=n'12',prod_cate=n'4',updated_at=n'2017-03-23-08-19-16' where prod_id=36] --> 
23.03.2017 02:19:23 sql=[SELECT *FROM  vp_products INNER JOIN vp_categories on vp_products.prod_cate=vp_categories.cate_id ORDER BY  prod_id DESC ] 
23.03.2017 02:25:11 sql=[SELECT * FROM vp_products where prod_id=15 ] 
23.03.2017 02:25:11 sql=[SELECT *FROM vp_categories] 
23.03.2017 02:25:24 sql=[SELECT * FROM vp_products where prod_id=15 ] 
23.03.2017 02:25:24 sql=[SELECT *FROM vp_categories] 
23.03.2017 08:25:24 <!-- sql=[update vp_products set prod_name=n'iPhone',prod_slug=n'iphone',prod_price=n'5000000',prod_img=n'82iphone7.2.png',prod_warranty=n'12 month',prod_accessories=n'full-box',number=n'10',prod_promotion=n'Khuyến mãi',prod_status=n'1',prod_description=n'<p>Miêu tả sản phẩm</p>',prod_cate=n'1',updated_at=n'2017-03-23-08-25-24' where prod_id=15] --> 
23.03.2017 02:25:29 sql=[SELECT *FROM  vp_products INNER JOIN vp_categories on vp_products.prod_cate=vp_categories.cate_id ORDER BY  prod_id DESC ] 
23.03.2017 02:25:38 sql=[SELECT * FROM vp_products where prod_id=17 ] 
23.03.2017 02:25:38 sql=[SELECT *FROM vp_categories] 
23.03.2017 02:25:56 sql=[SELECT * FROM vp_products where prod_id=17 ] 
23.03.2017 02:25:56 sql=[SELECT *FROM vp_categories] 
23.03.2017 08:25:56 <!-- sql=[update vp_products set prod_name=n'Samsung Galaxy S6',prod_slug=n'samsung-galaxy-s6',prod_price=n'10000000',prod_img=n'676htc2.png',prod_warranty=n'12 month',prod_accessories=n'full-box',number=n'20',prod_promotion=n'Dán cường lực',prod_status=n'1',prod_description=n'<p>Samsung galaxy S6</p>',prod_cate=n'3',updated_at=n'2017-03-23-08-25-56' where prod_id=17] --> 
23.03.2017 02:25:59 sql=[SELECT *FROM  vp_products INNER JOIN vp_categories on vp_products.prod_cate=vp_categories.cate_id ORDER BY  prod_id DESC ] 
23.03.2017 02:26:11 sql=[SELECT * FROM vp_products where prod_id=16 ] 
23.03.2017 02:26:11 sql=[SELECT *FROM vp_categories] 
23.03.2017 02:26:35 sql=[SELECT * FROM vp_products where prod_id=16 ] 
23.03.2017 02:26:35 sql=[SELECT *FROM vp_categories] 
23.03.2017 08:26:35 <!-- sql=[update vp_products set prod_name=n'iPhone',prod_slug=n'iphone',prod_price=n'5000000',prod_img=n'968htc3.png',prod_warranty=n'12 month',prod_accessories=n'full-box',number=n'20',prod_promotion=n'Khuyến mãi',prod_status=n'1',prod_description=n'<p>Miêu tả sản phẩm</p>',prod_cate=n'4',updated_at=n'2017-03-23-08-26-35' where prod_id=16] --> 
23.03.2017 02:26:41 sql=[SELECT *FROM  vp_products INNER JOIN vp_categories on vp_products.prod_cate=vp_categories.cate_id ORDER BY  prod_id DESC ] 
23.03.2017 02:26:55 sql=[SELECT *FROM  vp_products INNER JOIN vp_categories on vp_products.prod_cate=vp_categories.cate_id ORDER BY  prod_id DESC ] 
23.03.2017 02:29:15 sql=[SELECT *FROM  vp_products INNER JOIN vp_categories on vp_products.prod_cate=vp_categories.cate_id ORDER BY  prod_id DESC ] 
23.03.2017 02:30:18 sql=[SELECT *FROM  vp_products INNER JOIN vp_categories on vp_products.prod_cate=vp_categories.cate_id ORDER BY  prod_id DESC ] 
23.03.2017 02:30:24 sql=[SELECT *FROM  vp_products INNER JOIN vp_categories on vp_products.prod_cate=vp_categories.cate_id ORDER BY  prod_id DESC ] 
23.03.2017 02:31:53 sql=[SELECT *FROM  vp_products INNER JOIN vp_categories on vp_products.prod_cate=vp_categories.cate_id ORDER BY  prod_id DESC ] 
23.03.2017 02:32:05 sql=[SELECT *FROM  vp_products INNER JOIN vp_categories on vp_products.prod_cate=vp_categories.cate_id ORDER BY  prod_id DESC ] 
23.03.2017 02:32:13 sql=[SELECT * FROM vp_products where prod_id=35 ] 
23.03.2017 02:32:13 sql=[SELECT *FROM vp_categories] 
23.03.2017 02:32:21 sql=[SELECT * FROM vp_products where prod_id=35 ] 
23.03.2017 02:32:21 sql=[SELECT *FROM vp_categories] 
23.03.2017 02:34:17 sql=[SELECT * FROM vp_products where prod_id=35 ] 
23.03.2017 02:34:17 sql=[SELECT *FROM vp_categories] 
23.03.2017 02:34:21 sql=[SELECT * FROM vp_products where prod_id=35 ] 
23.03.2017 02:34:21 sql=[SELECT *FROM vp_categories] 
23.03.2017 02:34:34 sql=[SELECT *FROM  vp_users Where level=2] 
23.03.2017 02:34:37 sql=[SELECT *FROM  vp_products INNER JOIN vp_categories on vp_products.prod_cate=vp_categories.cate_id ORDER BY  prod_id DESC ] 
23.03.2017 02:34:48 sql=[SELECT * FROM vp_products where prod_id=36 ] 
23.03.2017 02:34:48 sql=[SELECT *FROM vp_categories] 
23.03.2017 02:34:51 sql=[SELECT * FROM vp_products where prod_id=36 ] 
23.03.2017 02:34:52 sql=[SELECT *FROM vp_categories] 
23.03.2017 02:36:20 sql=[SELECT *FROM  vp_products INNER JOIN vp_categories on vp_products.prod_cate=vp_categories.cate_id ORDER BY  prod_id DESC ] 
23.03.2017 02:36:22 sql=[SELECT * FROM vp_products where prod_id=36 ] 
23.03.2017 02:36:22 sql=[SELECT *FROM vp_categories] 
23.03.2017 02:36:24 sql=[SELECT * FROM vp_products where prod_id=36 ] 
23.03.2017 02:36:24 sql=[SELECT *FROM vp_categories] 
23.03.2017 02:38:30 sql=[SELECT *FROM  vp_products INNER JOIN vp_categories on vp_products.prod_cate=vp_categories.cate_id ORDER BY  prod_id DESC ] 
23.03.2017 02:38:31 sql=[SELECT * FROM vp_products where prod_id=36 ] 
23.03.2017 02:38:31 sql=[SELECT *FROM vp_categories] 
23.03.2017 02:38:33 sql=[SELECT * FROM vp_products where prod_id=36 ] 
23.03.2017 02:38:33 sql=[SELECT *FROM vp_categories] 
23.03.2017 02:41:29 sql=[SELECT * FROM vp_products where prod_id=36 ] 
23.03.2017 02:41:29 sql=[SELECT *FROM vp_categories] 
23.03.2017 02:41:36 sql=[SELECT * FROM vp_products where prod_id=36 ] 
23.03.2017 02:41:36 sql=[SELECT *FROM vp_categories] 
23.03.2017 02:41:43 sql=[SELECT * FROM vp_products where prod_id=36 ] 
23.03.2017 02:41:43 sql=[SELECT *FROM vp_categories] 
23.03.2017 02:42:10 sql=[SELECT * FROM vp_products where prod_id=36 ] 
23.03.2017 02:42:10 sql=[SELECT *FROM vp_categories] 
23.03.2017 02:42:17 sql=[SELECT * FROM vp_products where prod_id=36 ] 
23.03.2017 02:42:17 sql=[SELECT *FROM vp_categories] 
23.03.2017 02:42:22 sql=[SELECT *FROM  vp_products INNER JOIN vp_categories on vp_products.prod_cate=vp_categories.cate_id ORDER BY  prod_id DESC ] 
23.03.2017 02:42:24 sql=[SELECT * FROM vp_products where prod_id=36 ] 
23.03.2017 02:42:24 sql=[SELECT *FROM vp_categories] 
23.03.2017 02:42:25 sql=[SELECT * FROM vp_products where prod_id=36 ] 
23.03.2017 02:42:25 sql=[SELECT *FROM vp_categories] 
23.03.2017 02:42:33 sql=[SELECT * FROM vp_products where prod_id=36 ] 
23.03.2017 02:42:33 sql=[SELECT *FROM vp_categories] 
23.03.2017 02:42:41 sql=[SELECT *FROM  vp_products INNER JOIN vp_categories on vp_products.prod_cate=vp_categories.cate_id ORDER BY  prod_id DESC ] 
23.03.2017 02:42:47 sql=[SELECT * FROM vp_products where prod_id=36 ] 
23.03.2017 02:42:47 sql=[SELECT *FROM vp_categories] 
23.03.2017 02:42:49 sql=[SELECT * FROM vp_products where prod_id=36 ] 
23.03.2017 02:42:49 sql=[SELECT *FROM vp_categories] 
23.03.2017 02:43:16 sql=[SELECT * FROM vp_products where prod_id=36 ] 
23.03.2017 02:43:16 sql=[SELECT *FROM vp_categories] 
23.03.2017 02:43:17 sql=[SELECT * FROM vp_products where prod_id=36 ] 
23.03.2017 02:43:17 sql=[SELECT *FROM vp_categories] 
23.03.2017 02:43:21 sql=[SELECT * FROM vp_products where prod_id=36 ] 
23.03.2017 02:43:21 sql=[SELECT *FROM vp_categories] 
23.03.2017 02:43:28 sql=[SELECT * FROM vp_products where prod_id=36 ] 
23.03.2017 02:43:28 sql=[SELECT *FROM vp_categories] 
23.03.2017 02:43:34 sql=[SELECT * FROM vp_products where prod_id=36 ] 
23.03.2017 02:43:34 sql=[SELECT *FROM vp_categories] 
23.03.2017 02:45:20 sql=[SELECT * FROM vp_products where prod_id=36 ] 
23.03.2017 02:45:20 sql=[SELECT *FROM vp_categories] 
23.03.2017 02:45:25 sql=[SELECT *FROM  vp_products INNER JOIN vp_categories on vp_products.prod_cate=vp_categories.cate_id ORDER BY  prod_id DESC ] 
23.03.2017 02:45:27 sql=[SELECT * FROM vp_products where prod_id=36 ] 
23.03.2017 02:45:27 sql=[SELECT *FROM vp_categories] 
23.03.2017 02:45:29 sql=[SELECT * FROM vp_products where prod_id=36 ] 
23.03.2017 02:45:29 sql=[SELECT *FROM vp_categories] 
23.03.2017 02:45:42 sql=[SELECT * FROM vp_products where prod_id=36 ] 
23.03.2017 02:45:42 sql=[SELECT *FROM vp_categories] 
23.03.2017 08:45:42 <!-- sql=[update vp_products set prod_name=n'nguyendai12',prod_slug=n'121',prod_price=n'40',prod_warranty=n'12 month',prod_accessories=n'full-box',number=n'10',prod_promotion=n'12',prod_status=n'1',prod_description=n'12',prod_cate=n'4',updated_at=n'2017-03-23-08-45-42' where prod_id=36] --> 
23.03.2017 02:45:45 sql=[SELECT *FROM  vp_products INNER JOIN vp_categories on vp_products.prod_cate=vp_categories.cate_id ORDER BY  prod_id DESC ] 
23.03.2017 02:45:48 sql=[SELECT * FROM vp_products where prod_id=36 ] 
23.03.2017 02:45:48 sql=[SELECT *FROM vp_categories] 
23.03.2017 02:45:57 sql=[SELECT * FROM vp_products where prod_id=36 ] 
23.03.2017 02:45:57 sql=[SELECT *FROM vp_categories] 
23.03.2017 08:45:57 <!-- sql=[update vp_products set prod_name=n'nguyendai13',prod_slug=n'121',prod_price=n'40',prod_img=n'92htc2.png',prod_warranty=n'12 month',prod_accessories=n'full-box',number=n'10',prod_promotion=n'12',prod_status=n'1',prod_description=n'12',prod_cate=n'4',updated_at=n'2017-03-23-08-45-57' where prod_id=36] --> 
23.03.2017 02:45:59 sql=[SELECT *FROM  vp_products INNER JOIN vp_categories on vp_products.prod_cate=vp_categories.cate_id ORDER BY  prod_id DESC ] 
23.03.2017 02:46:26 sql=[SELECT *FROM  vp_products INNER JOIN vp_categories on vp_products.prod_cate=vp_categories.cate_id ORDER BY  prod_id DESC ] 
23.03.2017 02:46:32 sql=[SELECT *FROM  vp_products INNER JOIN vp_categories on vp_products.prod_cate=vp_categories.cate_id ORDER BY  prod_id DESC ] 
23.03.2017 02:46:33 sql=[SELECT *FROM  vp_products INNER JOIN vp_categories on vp_products.prod_cate=vp_categories.cate_id ORDER BY  prod_id DESC ] 
23.03.2017 02:47:54 sql=[SELECT *FROM  vp_products INNER JOIN vp_categories on vp_products.prod_cate=vp_categories.cate_id ORDER BY  prod_id DESC ] 
23.03.2017 02:49:57 sql=[SELECT *FROM  vp_products INNER JOIN vp_categories on vp_products.prod_cate=vp_categories.cate_id ORDER BY  prod_id DESC ] 
23.03.2017 02:51:27 sql=[SELECT *FROM  vp_products INNER JOIN vp_categories on vp_products.prod_cate=vp_categories.cate_id ORDER BY  prod_id DESC ] 
23.03.2017 02:51:28 sql=[SELECT *FROM  vp_products INNER JOIN vp_categories on vp_products.prod_cate=vp_categories.cate_id ORDER BY  prod_id DESC ] 
23.03.2017 02:51:29 sql=[SELECT *FROM  vp_products INNER JOIN vp_categories on vp_products.prod_cate=vp_categories.cate_id ORDER BY  prod_id DESC ] 
23.03.2017 02:51:30 sql=[SELECT *FROM  vp_products INNER JOIN vp_categories on vp_products.prod_cate=vp_categories.cate_id ORDER BY  prod_id DESC ] 
23.03.2017 02:53:19 sql=[SELECT *FROM  vp_products INNER JOIN vp_categories on vp_products.prod_cate=vp_categories.cate_id ORDER BY  prod_id DESC ] 
23.03.2017 02:53:29 sql=[SELECT *FROM  vp_products INNER JOIN vp_categories on vp_products.prod_cate=vp_categories.cate_id ORDER BY  prod_id DESC ] 
23.03.2017 02:56:00 sql=[SELECT *FROM  vp_products INNER JOIN vp_categories on vp_products.prod_cate=vp_categories.cate_id ORDER BY  prod_id DESC ] 
23.03.2017 02:56:03 sql=[SELECT * FROM vp_categories] 
23.03.2017 02:56:08 sql=[SELECT * FROM vp_categories] 
23.03.2017 04:24:04 sql=[SELECT * FROM vp_users WHERE email='admin@gmail.com'and level=1] 
23.03.2017 04:24:04 sql=[SELECT *FROM  vp_users Where level=2] 
23.03.2017 04:24:21 sql=[SELECT *FROM vp_categories] 
23.03.2017 04:32:44 sql=[SELECT *FROM vp_categories] 
23.03.2017 04:33:46 sql=[SELECT *FROM vp_categories] 
23.03.2017 10:33:46 <!-- sql=[insert into vp_products (prod_name,prod_slug,prod_price,prod_img,prod_warranty,prod_accessories,number,prod_promotion,prod_status,prod_description,prod_cate,created_at,updated_at) values (n'sámungs7',n's7',n'43',n'510samsung1.png',n'12 month',n'full-box',n'10',n'23',n'1',n'2525',n'2',n'2017-03-23-10-03-46',n'2017-03-23-10-03-46')] --> 
23.03.2017 04:33:52 sql=[SELECT * FROM vp_categories] 
23.03.2017 04:33:58 sql=[SELECT * FROM vp_categories] 
23.03.2017 04:34:08 sql=[SELECT *FROM  vp_products INNER JOIN vp_categories on vp_products.prod_cate=vp_categories.cate_id ORDER BY  prod_id DESC ] 
23.03.2017 04:34:11 sql=[SELECT * FROM vp_products where prod_id=37 ] 
23.03.2017 04:34:11 sql=[SELECT *FROM vp_categories] 
23.03.2017 04:35:22 sql=[SELECT * FROM vp_products where prod_id=37 ] 
23.03.2017 04:35:22 sql=[SELECT *FROM vp_categories] 
23.03.2017 04:37:07 sql=[SELECT * FROM vp_products where prod_id=37 ] 
23.03.2017 04:37:07 sql=[SELECT *FROM vp_categories] 
23.03.2017 04:37:18 sql=[SELECT *FROM  vp_products INNER JOIN vp_categories on vp_products.prod_cate=vp_categories.cate_id ORDER BY  prod_id DESC ] 
23.03.2017 04:37:20 sql=[SELECT * FROM vp_products where prod_id=37 ] 
23.03.2017 04:37:20 sql=[SELECT *FROM vp_categories] 
23.03.2017 04:37:45 sql=[SELECT *FROM  vp_products INNER JOIN vp_categories on vp_products.prod_cate=vp_categories.cate_id ORDER BY  prod_id DESC ] 
23.03.2017 04:37:49 sql=[SELECT * FROM vp_products where prod_id=36 ] 
23.03.2017 04:37:49 sql=[SELECT *FROM vp_categories] 
23.03.2017 04:38:53 sql=[SELECT * FROM vp_products where prod_id=36 ] 
23.03.2017 04:38:53 sql=[SELECT *FROM vp_categories] 
23.03.2017 04:38:56 sql=[SELECT * FROM vp_products where prod_id=36 ] 
23.03.2017 04:38:56 sql=[SELECT *FROM vp_categories] 
23.03.2017 04:38:56 sql=[SELECT * FROM vp_products where prod_id=36 ] 
23.03.2017 04:38:56 sql=[SELECT *FROM vp_categories] 
23.03.2017 04:40:19 sql=[SELECT * FROM vp_products where prod_id=36 ] 
23.03.2017 04:40:19 sql=[SELECT *FROM vp_categories] 
23.03.2017 10:40:19 <!-- sql=[update vp_products set prod_name=n'nguyendai13',prod_slug=n'121',prod_price=n'40',prod_img=n'74htc2.png',prod_warranty=n'12 month',prod_accessories=n'full-box',number=n'10',prod_promotion=n'12',prod_status=n'1',prod_description=n'12',prod_cate=n'4',updated_at=n'2017-03-23-10-40-19' where prod_id=36] --> 
23.03.2017 04:40:33 sql=[SELECT *FROM  vp_products INNER JOIN vp_categories on vp_products.prod_cate=vp_categories.cate_id ORDER BY  prod_id DESC ] 
23.03.2017 04:40:37 sql=[SELECT * FROM vp_products where prod_id=36 ] 
23.03.2017 04:40:37 sql=[SELECT *FROM vp_categories] 
23.03.2017 04:40:57 sql=[SELECT * FROM vp_products where prod_id=36 ] 
23.03.2017 04:40:57 sql=[SELECT *FROM vp_categories] 
23.03.2017 04:41:05 sql=[SELECT * FROM vp_products where prod_id=36 ] 
23.03.2017 04:41:05 sql=[SELECT *FROM vp_categories] 
23.03.2017 10:41:05 <!-- sql=[update vp_products set prod_name=n'nguyendai13',prod_slug=n'121',prod_price=n'40',prod_img=n'223iphone7.2.png',prod_warranty=n'12 month',prod_accessories=n'full-box',number=n'10',prod_promotion=n'12',prod_status=n'1',prod_description=n'12',prod_cate=n'4',updated_at=n'2017-03-23-10-41-05' where prod_id=36] --> 
23.03.2017 04:41:11 sql=[SELECT *FROM  vp_products INNER JOIN vp_categories on vp_products.prod_cate=vp_categories.cate_id ORDER BY  prod_id DESC ] 
23.03.2017 04:43:50 sql=[SELECT *FROM  vp_products INNER JOIN vp_categories on vp_products.prod_cate=vp_categories.cate_id ORDER BY  prod_id DESC ] 
23.03.2017 04:43:52 sql=[SELECT * FROM vp_products where prod_id=36 ] 
23.03.2017 04:43:52 sql=[SELECT *FROM vp_categories] 
23.03.2017 04:45:09 sql=[SELECT * FROM vp_products where prod_id=36 ] 
23.03.2017 04:45:09 sql=[SELECT *FROM vp_categories] 
23.03.2017 04:53:25 sql=[SELECT * FROM vp_products where prod_id=36 ] 
23.03.2017 04:53:25 sql=[SELECT *FROM vp_categories] 
23.03.2017 04:53:27 sql=[SELECT * FROM vp_products where prod_id=36 ] 
23.03.2017 04:53:27 sql=[SELECT *FROM vp_categories] 
23.03.2017 04:53:35 sql=[SELECT * FROM vp_products where prod_id=36 ] 
23.03.2017 04:53:35 sql=[SELECT *FROM vp_categories] 
23.03.2017 04:53:37 sql=[SELECT * FROM vp_products where prod_id=36 ] 
23.03.2017 04:53:37 sql=[SELECT *FROM vp_categories] 
23.03.2017 04:53:39 sql=[SELECT * FROM vp_products where prod_id=36 ] 
23.03.2017 04:53:39 sql=[SELECT *FROM vp_categories] 
23.03.2017 04:54:03 sql=[SELECT * FROM vp_products where prod_id=36 ] 
23.03.2017 04:54:03 sql=[SELECT *FROM vp_categories] 
23.03.2017 10:54:03 <!-- sql=[update vp_products set prod_name=n'nguyendai13',prod_slug=n'121',prod_price=n'40',prod_warranty=n'12 month',prod_accessories=n'full-box',number=n'10',prod_promotion=n'12',prod_status=n'1',prod_description=n'12',prod_cate=n'4',updated_at=n'2017-03-23-10-54-03' where prod_id=36] --> 
23.03.2017 04:54:10 sql=[SELECT * FROM vp_products where prod_id=36 ] 
23.03.2017 04:54:10 sql=[SELECT *FROM vp_categories] 
23.03.2017 10:54:10 <!-- sql=[update vp_products set prod_name=n'nguyendai13',prod_slug=n'121',prod_price=n'40',prod_warranty=n'12 month',prod_accessories=n'full-box',number=n'10',prod_promotion=n'12',prod_status=n'1',prod_description=n'12',prod_cate=n'3',updated_at=n'2017-03-23-10-54-10' where prod_id=36] --> 
23.03.2017 04:54:15 sql=[SELECT *FROM  vp_products INNER JOIN vp_categories on vp_products.prod_cate=vp_categories.cate_id ORDER BY  prod_id DESC ] 
23.03.2017 05:14:21 sql=[SELECT * FROM vp_users WHERE email='admin@gmail.com'and level=1] 
23.03.2017 05:14:21 sql=[SELECT *FROM  vp_users Where level=2] 
23.03.2017 05:15:55 sql=[SELECT *FROM  vp_users Where level=2] 
23.03.2017 05:17:29 sql=[SELECT *FROM  vp_users Where level=2] 
23.03.2017 05:18:41 sql=[SELECT *FROM  vp_users Where level=2] 
23.03.2017 05:19:03 sql=[SELECT *FROM  vp_users Where level=2] 
23.03.2017 05:19:08 sql=[SELECT *FROM  vp_users Where level=2] 
23.03.2017 05:19:08 sql=[SELECT *FROM  vp_users Where level=2] 
23.03.2017 05:19:09 sql=[SELECT *FROM  vp_users Where level=2] 
23.03.2017 05:19:09 sql=[SELECT *FROM  vp_users Where level=2] 
23.03.2017 05:19:15 sql=[SELECT *FROM  vp_users Where level=2] 
23.03.2017 05:19:16 sql=[SELECT *FROM  vp_users Where level=2] 
23.03.2017 05:19:17 sql=[SELECT *FROM  vp_users Where level=2] 
23.03.2017 05:19:19 sql=[SELECT *FROM  vp_users Where level=2] 
23.03.2017 05:19:26 sql=[SELECT *FROM  vp_users Where level=2] 
23.03.2017 05:19:26 sql=[SELECT *FROM  vp_users Where level=2] 
23.03.2017 05:19:56 sql=[SELECT * FROM vp_users WHERE email='admin@gmail.com'and level=1] 
23.03.2017 05:19:56 sql=[SELECT *FROM  vp_users Where level=2] 
23.03.2017 05:22:30 sql=[SELECT * FROM vp_categories] 
23.03.2017 05:22:33 sql=[SELECT *FROM  vp_users Where level=2] 
23.03.2017 05:22:36 sql=[SELECT *FROM vp_categories] 
23.03.2017 05:22:40 sql=[SELECT *FROM vp_categories] 
23.03.2017 05:23:32 sql=[SELECT *FROM vp_categories] 
23.03.2017 05:23:52 sql=[SELECT *FROM vp_categories] 
23.03.2017 05:23:55 sql=[SELECT *FROM vp_categories] 
23.03.2017 05:23:55 sql=[SELECT *FROM vp_categories] 
23.03.2017 05:23:56 sql=[SELECT *FROM vp_categories] 
23.03.2017 05:24:05 sql=[SELECT *FROM vp_categories] 
23.03.2017 05:24:05 sql=[SELECT *FROM vp_categories] 
23.03.2017 05:24:41 sql=[SELECT * FROM vp_categories] 
23.03.2017 05:24:44 sql=[SELECT *FROM  vp_users Where level=2] 
23.03.2017 05:29:29 sql=[SELECT *FROM  vp_users Where level=2] 
23.03.2017 05:32:26 sql=[SELECT *FROM  vp_users Where level=2] 
23.03.2017 05:35:18 sql=[SELECT *FROM  vp_users Where level=2] 
23.03.2017 05:35:54 sql=[SELECT *FROM  vp_users Where level=2] 
23.03.2017 05:36:15 sql=[SELECT *FROM  vp_users Where level=2] 
23.03.2017 05:36:18 sql=[SELECT *FROM  vp_users Where level=2] 
23.03.2017 05:38:21 sql=[SELECT *FROM  vp_users Where level=2] 
23.03.2017 05:38:26 sql=[SELECT *FROM  vp_users Where level=2] 
23.03.2017 05:38:48 sql=[SELECT *FROM  vp_users Where level=2] 
23.03.2017 05:39:37 sql=[SELECT *FROM  vp_users Where level=2] 
23.03.2017 05:40:38 sql=[SELECT *FROM  vp_users Where level=2] 
23.03.2017 05:47:27 sql=[SELECT *FROM  vp_users Where level=2] 
23.03.2017 05:47:34 sql=[SELECT *FROM  vp_users Where level=2] 
23.03.2017 05:47:38 sql=[SELECT *FROM  vp_users Where level=2] 
23.03.2017 05:47:45 sql=[SELECT * FROM vp_categories] 
23.03.2017 05:47:50 sql=[SELECT *FROM vp_categories] 
23.03.2017 05:48:32 sql=[SELECT *FROM  vp_products INNER JOIN vp_categories on vp_products.prod_cate=vp_categories.cate_id ORDER BY  prod_id DESC ] 
23.03.2017 05:48:36 sql=[SELECT *FROM  vp_users Where level=2] 
23.03.2017 05:48:57 sql=[SELECT *FROM  vp_users Where level=2] 
23.03.2017 05:49:00 sql=[SELECT *FROM  vp_products INNER JOIN vp_categories on vp_products.prod_cate=vp_categories.cate_id ORDER BY  prod_id DESC ] 
23.03.2017 05:51:00 sql=[SELECT *FROM  vp_products INNER JOIN vp_categories on vp_products.prod_cate=vp_categories.cate_id ORDER BY  prod_id DESC ] 
23.03.2017 05:51:38 sql=[SELECT *FROM  vp_products INNER JOIN vp_categories on vp_products.prod_cate=vp_categories.cate_id ORDER BY  prod_id DESC ] 
23.03.2017 05:51:46 sql=[SELECT *FROM  vp_users Where level=2] 
23.03.2017 05:51:52 sql=[SELECT *FROM  vp_products INNER JOIN vp_categories on vp_products.prod_cate=vp_categories.cate_id ORDER BY  prod_id DESC ] 
23.03.2017 05:52:07 sql=[SELECT *FROM  vp_users Where level=2] 
23.03.2017 05:52:11 sql=[SELECT *FROM  vp_products INNER JOIN vp_categories on vp_products.prod_cate=vp_categories.cate_id ORDER BY  prod_id DESC ] 
24.03.2017 03:52:05 sql=[SELECT * FROM vp_users WHERE email='admin@gmail.com'and level=1] 
24.03.2017 03:52:05 sql=[SELECT *FROM  vp_users Where level=2] 
24.03.2017 03:53:09 sql=[SELECT * FROM vp_categories] 
24.03.2017 03:53:20 sql=[SELECT * FROM vp_categories] 
24.03.2017 04:09:32 sql=[SELECT *FROM vp_categories] 
24.03.2017 04:09:37 sql=[SELECT * FROM vp_categories] 
24.03.2017 04:20:56 sql=[SELECT * FROM vp_categories] 
24.03.2017 04:20:58 sql=[SELECT * FROM vp_categories] 
24.03.2017 04:20:59 sql=[SELECT * FROM vp_categories] 
24.03.2017 04:20:59 sql=[SELECT * FROM vp_categories] 
24.03.2017 04:21:00 sql=[SELECT * FROM vp_categories] 
24.03.2017 04:21:00 sql=[SELECT * FROM vp_categories] 
24.03.2017 04:21:35 sql=[SELECT * FROM vp_categories] 
24.03.2017 04:21:58 sql=[SELECT * FROM vp_categories] 
24.03.2017 04:23:44 sql=[SELECT * FROM vp_categories] 
24.03.2017 04:24:48 sql=[SELECT * FROM vp_categories] 
24.03.2017 04:28:17 sql=[SELECT * FROM vp_categories] 
24.03.2017 04:29:21 sql=[SELECT * FROM vp_categories] 
24.03.2017 04:29:33 sql=[SELECT * FROM vp_categories] 
24.03.2017 04:30:41 sql=[SELECT * FROM vp_categories] 
24.03.2017 04:31:44 sql=[SELECT * FROM vp_categories] 
24.03.2017 04:32:51 sql=[SELECT * FROM vp_categories] 
24.03.2017 04:34:58 sql=[SELECT * FROM vp_categories] 
24.03.2017 04:35:56 sql=[SELECT * FROM vp_categories] 
24.03.2017 04:43:11 sql=[SELECT * FROM vp_categories] 
24.03.2017 04:43:21 sql=[SELECT * FROM vp_categories] 
24.03.2017 04:43:22 sql=[SELECT * FROM vp_categories] 
24.03.2017 04:43:26 sql=[SELECT * FROM vp_categories] 
24.03.2017 04:43:27 sql=[SELECT * FROM vp_categories] 
24.03.2017 04:43:32 sql=[SELECT * FROM vp_categories] 
24.03.2017 04:44:21 sql=[SELECT * FROM vp_categories] 
24.03.2017 04:52:15 sql=[SELECT * FROM vp_categories] 
24.03.2017 04:52:39 sql=[SELECT * FROM vp_categories] 
24.03.2017 04:52:46 sql=[SELECT * FROM vp_categories] 
24.03.2017 04:53:03 sql=[SELECT * FROM vp_categories] 
24.03.2017 04:53:34 sql=[SELECT * FROM vp_categories] 
24.03.2017 04:58:50 sql=[SELECT * FROM vp_categories] 
24.03.2017 05:04:28 sql=[SELECT * FROM vp_categories] 
24.03.2017 05:04:29 sql=[SELECT * FROM vp_categories] 
24.03.2017 05:04:30 sql=[SELECT * FROM vp_categories] 
24.03.2017 05:04:31 sql=[SELECT * FROM vp_categories] 
24.03.2017 05:08:46 sql=[SELECT * FROM vp_categories] 
24.03.2017 05:11:48 sql=[SELECT * FROM vp_categories] 
24.03.2017 05:11:55 sql=[SELECT * FROM vp_categories] 
24.03.2017 05:11:55 sql=[SELECT * FROM vp_categories] 
24.03.2017 05:14:08 sql=[SELECT * FROM vp_categories] 
24.03.2017 05:15:00 sql=[SELECT * FROM vp_categories] 
24.03.2017 05:15:14 sql=[SELECT * FROM vp_categories] 
24.03.2017 05:15:32 sql=[SELECT * FROM vp_categories] 
24.03.2017 05:16:02 sql=[SELECT * FROM vp_categories] 
24.03.2017 05:16:35 sql=[SELECT * FROM vp_categories] 
24.03.2017 05:16:38 sql=[SELECT * FROM vp_categories] 
24.03.2017 05:17:19 sql=[SELECT * FROM vp_categories] 
24.03.2017 05:17:20 sql=[SELECT * FROM vp_categories] 
24.03.2017 05:18:58 sql=[SELECT * FROM vp_categories] 
24.03.2017 05:18:58 sql=[SELECT * FROM vp_categories] 
24.03.2017 05:20:25 sql=[SELECT * FROM vp_categories] 
24.03.2017 05:27:57 sql=[SELECT * FROM vp_categories] 
24.03.2017 05:28:13 sql=[SELECT * FROM vp_categories] 
24.03.2017 05:28:14 sql=[SELECT * FROM vp_categories] 
24.03.2017 05:28:15 sql=[SELECT * FROM vp_categories] 
24.03.2017 05:28:15 sql=[SELECT * FROM vp_categories] 
24.03.2017 05:29:13 sql=[SELECT * FROM vp_categories] 
24.03.2017 05:34:03 sql=[SELECT * FROM vp_categories] 
24.03.2017 05:34:25 sql=[SELECT * FROM vp_categories] 
24.03.2017 05:34:42 sql=[SELECT * FROM vp_categories] 
24.03.2017 05:35:03 sql=[SELECT * FROM vp_categories] 
24.03.2017 05:38:33 sql=[SELECT * FROM vp_categories] 
24.03.2017 05:38:55 sql=[SELECT * FROM vp_categories] 
24.03.2017 05:40:15 sql=[SELECT * FROM vp_categories] 
24.03.2017 05:40:41 sql=[SELECT * FROM vp_categories] 
24.03.2017 05:41:00 sql=[SELECT * FROM vp_categories] 
24.03.2017 05:43:58 sql=[SELECT * FROM vp_categories] 
24.03.2017 05:47:57 sql=[SELECT * FROM vp_categories] 
24.03.2017 05:48:10 sql=[SELECT * FROM vp_categories] 
24.03.2017 05:50:09 sql=[SELECT * FROM vp_categories] 
24.03.2017 05:52:11 sql=[SELECT * FROM vp_categories] 
24.03.2017 05:53:59 sql=[SELECT * FROM vp_categories] 
24.03.2017 05:59:18 sql=[SELECT * FROM vp_categories] 
24.03.2017 05:59:58 sql=[SELECT * FROM vp_categories] 
24.03.2017 06:00:20 sql=[SELECT * FROM vp_categories] 
24.03.2017 06:00:38 sql=[SELECT * FROM vp_categories] 
24.03.2017 06:03:42 sql=[SELECT * FROM vp_categories] 
24.03.2017 06:03:46 sql=[SELECT * FROM vp_categories] 
24.03.2017 06:03:47 sql=[SELECT * FROM vp_categories] 
24.03.2017 06:03:47 sql=[SELECT * FROM vp_categories] 
24.03.2017 06:03:47 sql=[SELECT * FROM vp_categories] 
24.03.2017 06:03:52 sql=[SELECT * FROM vp_categories] 
24.03.2017 06:04:06 sql=[SELECT * FROM vp_categories] 
24.03.2017 06:04:19 sql=[SELECT * FROM vp_categories] 
24.03.2017 06:05:47 sql=[SELECT * FROM vp_categories] 
24.03.2017 09:02:55 sql=[SELECT * FROM vp_users WHERE email='admin@gmail.com'and level=1] 
24.03.2017 09:02:55 sql=[SELECT *FROM  vp_users Where level=2] 
24.03.2017 09:02:59 sql=[SELECT * FROM vp_categories] 
24.03.2017 09:07:05 sql=[SELECT * FROM vp_categories] 
24.03.2017 09:12:47 sql=[SELECT * FROM vp_categories] 
24.03.2017 09:14:27 sql=[SELECT * FROM vp_categories] 
24.03.2017 09:15:29 sql=[SELECT * FROM vp_categories] 
24.03.2017 09:16:17 sql=[SELECT * FROM vp_categories] 
24.03.2017 09:17:23 sql=[SELECT * FROM vp_categories] 
24.03.2017 09:20:41 sql=[SELECT * FROM vp_categories] 
24.03.2017 09:20:44 sql=[SELECT * FROM vp_categories] 
24.03.2017 09:21:26 sql=[SELECT * FROM vp_categories] 
24.03.2017 09:22:03 sql=[SELECT * FROM vp_categories] 
24.03.2017 09:22:34 sql=[SELECT * FROM vp_categories] 
24.03.2017 09:22:48 sql=[SELECT * FROM vp_categories] 
24.03.2017 09:23:28 sql=[SELECT * FROM vp_categories] 
24.03.2017 09:23:56 sql=[SELECT * FROM vp_categories] 
24.03.2017 09:25:23 sql=[SELECT * FROM vp_categories] 
24.03.2017 09:26:02 sql=[SELECT * FROM vp_categories] 
24.03.2017 09:27:02 sql=[SELECT * FROM vp_categories] 
24.03.2017 09:31:05 sql=[SELECT * FROM vp_categories] 
24.03.2017 09:31:24 sql=[SELECT *FROM vp_categories] 
24.03.2017 09:32:36 sql=[SELECT * FROM vp_categories] 
24.03.2017 09:32:38 sql=[SELECT * FROM vp_categories] 
24.03.2017 09:36:10 sql=[SELECT * FROM vp_categories] 
24.03.2017 09:37:46 sql=[SELECT * FROM vp_categories] 
24.03.2017 09:38:01 sql=[SELECT * FROM vp_categories] 
24.03.2017 09:40:30 sql=[SELECT * FROM vp_categories] 
24.03.2017 09:41:15 sql=[SELECT * FROM vp_categories] 
24.03.2017 09:42:33 sql=[SELECT * FROM vp_categories] 
24.03.2017 10:11:49 sql=[SELECT *FROM  vp_products INNER JOIN vp_categories on vp_products.prod_cate=vp_categories.cate_id ORDER BY  prod_id DESC ] 
24.03.2017 10:11:55 sql=[SELECT * FROM vp_categories] 
24.03.2017 10:12:33 sql=[SELECT * FROM vp_categories] 
24.03.2017 10:15:38 sql=[SELECT * FROM vp_categories] 
24.03.2017 10:16:16 sql=[SELECT * FROM vp_categories] 
24.03.2017 10:17:13 sql=[SELECT * FROM vp_categories] 
24.03.2017 10:21:14 sql=[SELECT * FROM vp_categories] 
24.03.2017 10:21:42 sql=[SELECT * FROM vp_categories] 
24.03.2017 10:21:44 sql=[SELECT * FROM vp_categories] 
24.03.2017 10:21:48 sql=[SELECT * FROM vp_categories] 
24.03.2017 10:21:52 sql=[SELECT * FROM vp_categories] 
24.03.2017 10:22:28 sql=[SELECT * FROM vp_categories] 
24.03.2017 10:23:30 sql=[SELECT * FROM vp_categories] 
24.03.2017 10:27:05 sql=[SELECT * FROM vp_categories] 
24.03.2017 10:28:36 sql=[SELECT * FROM vp_categories] 
24.03.2017 10:28:56 sql=[SELECT * FROM vp_categories] 
24.03.2017 10:30:52 sql=[SELECT * FROM vp_categories] 
24.03.2017 10:32:57 sql=[SELECT * FROM vp_categories] 
24.03.2017 10:34:10 sql=[SELECT * FROM vp_categories] 
24.03.2017 10:35:27 sql=[SELECT * FROM vp_categories] 
24.03.2017 11:16:54 sql=[SELECT * FROM vp_categories] 
24.03.2017 03:14:01 sql=[SELECT * FROM vp_users WHERE email='admin@gmail.com'and level=1] 
24.03.2017 03:14:01 sql=[SELECT *FROM  vp_users Where level=2] 
24.03.2017 03:14:04 sql=[SELECT * FROM vp_categories] 
24.03.2017 04:36:56 sql=[SELECT * FROM vp_categories] 
24.03.2017 04:38:32 sql=[SELECT * FROM vp_categories] 
24.03.2017 04:45:53 sql=[SELECT * FROM vp_categories] 
24.03.2017 04:49:17 sql=[SELECT * FROM vp_categories] 
24.03.2017 04:49:35 sql=[SELECT * FROM vp_categories] 
24.03.2017 04:51:48 sql=[SELECT * FROM vp_categories] 
24.03.2017 04:52:16 sql=[SELECT * FROM vp_categories] 
24.03.2017 04:52:21 sql=[SELECT * FROM vp_categories] 
24.03.2017 04:53:01 sql=[SELECT * FROM vp_categories] 
24.03.2017 04:54:06 sql=[SELECT * FROM vp_categories] 
24.03.2017 05:14:22 sql=[SELECT * FROM vp_users WHERE email='admin@gmail.com'and level=1] 
24.03.2017 05:14:22 sql=[SELECT *FROM  vp_users Where level=2] 
24.03.2017 05:14:25 sql=[SELECT * FROM vp_categories] 
24.03.2017 05:14:36 sql=[SELECT *FROM  vp_products INNER JOIN vp_categories on vp_products.prod_cate=vp_categories.cate_id ORDER BY  prod_id DESC ] 
24.03.2017 05:15:11 sql=[SELECT * FROM vp_categories] 
24.03.2017 05:15:40 sql=[SELECT * FROM vp_categories] 
24.03.2017 05:18:05 sql=[SELECT * FROM vp_categories] 
24.03.2017 05:23:17 sql=[SELECT * FROM vp_categories] 
24.03.2017 05:28:15 sql=[SELECT * FROM vp_categories] 
24.03.2017 05:28:20 sql=[SELECT * FROM vp_categories] 
24.03.2017 05:28:22 sql=[SELECT * FROM vp_categories] 
24.03.2017 05:28:23 sql=[SELECT * FROM vp_categories] 
24.03.2017 05:28:24 sql=[SELECT * FROM vp_categories] 
24.03.2017 05:28:34 sql=[SELECT * FROM vp_categories] 
24.03.2017 05:30:10 sql=[SELECT * FROM vp_categories] 
24.03.2017 05:31:24 sql=[SELECT * FROM vp_categories] 
24.03.2017 05:31:41 sql=[SELECT * FROM vp_categories] 
24.03.2017 05:32:13 sql=[SELECT * FROM vp_categories] 
24.03.2017 05:39:56 sql=[SELECT * FROM vp_categories] 
28.03.2017 02:20:32 sql=[SELECT * FROM vp_users WHERE email='admin@gmail.com'and level=1] 
28.03.2017 02:20:33 sql=[SELECT *FROM  vp_users Where level=2] 
28.03.2017 02:20:37 sql=[SELECT * FROM vp_categories] 
28.03.2017 02:21:16 sql=[SELECT * FROM vp_categories] 
28.03.2017 02:21:40 sql=[SELECT * FROM vp_categories] 
28.03.2017 02:21:41 sql=[SELECT * FROM vp_categories] 
28.03.2017 02:21:48 sql=[SELECT * FROM vp_categories] 
28.03.2017 02:22:02 sql=[SELECT * FROM vp_categories] 
28.03.2017 02:22:22 sql=[SELECT * FROM vp_categories] 
28.03.2017 02:22:26 sql=[SELECT *FROM  vp_products INNER JOIN vp_categories on vp_products.prod_cate=vp_categories.cate_id ORDER BY  prod_id DESC ] 
28.03.2017 02:22:30 sql=[SELECT *FROM vp_categories] 
28.03.2017 02:22:32 sql=[SELECT *FROM  vp_users Where level=2] 
28.03.2017 02:22:39 sql=[SELECT *FROM  vp_users Where level=2] 
28.03.2017 02:23:10 sql=[SELECT *FROM  vp_users Where level=2] 
28.03.2017 02:23:12 sql=[SELECT * FROM vp_categories] 
28.03.2017 02:32:45 sql=[SELECT * FROM vp_categories] 
28.03.2017 02:34:59 sql=[SELECT * FROM vp_categories] 
28.03.2017 02:35:33 sql=[SELECT * FROM vp_categories] 
28.03.2017 02:36:12 sql=[SELECT * FROM vp_categories] 
28.03.2017 02:54:54 sql=[SELECT * FROM vp_categories] 
28.03.2017 02:55:14 sql=[SELECT * FROM vp_categories] 
28.03.2017 02:55:16 sql=[SELECT * FROM vp_categories] 
28.03.2017 02:56:06 sql=[SELECT * FROM vp_categories] 
28.03.2017 02:56:30 sql=[SELECT * FROM vp_categories] 
28.03.2017 02:58:24 sql=[SELECT * FROM vp_categories] 
28.03.2017 02:58:50 sql=[SELECT * FROM vp_categories] 
28.03.2017 03:01:02 sql=[SELECT * FROM vp_categories] 
28.03.2017 03:01:17 sql=[SELECT * FROM vp_categories] 
28.03.2017 03:01:46 sql=[SELECT * FROM vp_categories] 
28.03.2017 03:02:52 sql=[SELECT * FROM vp_categories] 
28.03.2017 03:02:55 sql=[SELECT * FROM vp_categories] 
28.03.2017 03:02:56 sql=[SELECT * FROM vp_categories] 
28.03.2017 03:02:56 sql=[SELECT * FROM vp_categories] 
28.03.2017 03:02:57 sql=[SELECT * FROM vp_categories] 
28.03.2017 03:02:58 sql=[SELECT * FROM vp_categories] 
28.03.2017 03:03:03 sql=[SELECT * FROM vp_categories] 
28.03.2017 03:03:22 sql=[SELECT * FROM vp_categories] 
28.03.2017 03:04:52 sql=[SELECT * FROM vp_categories] 
28.03.2017 03:05:20 sql=[SELECT * FROM vp_categories] 
28.03.2017 03:08:02 sql=[SELECT * FROM vp_categories] 
28.03.2017 03:09:29 sql=[SELECT * FROM vp_categories] 
28.03.2017 03:11:59 sql=[SELECT * FROM vp_categories] 
28.03.2017 03:12:00 sql=[SELECT * FROM vp_categories] 
28.03.2017 03:13:48 sql=[SELECT * FROM vp_categories] 
28.03.2017 03:15:54 sql=[SELECT * FROM vp_categories] 
28.03.2017 03:16:56 sql=[SELECT * FROM vp_categories] 
28.03.2017 03:26:07 sql=[SELECT * FROM vp_categories] 
28.03.2017 03:26:15 sql=[SELECT * FROM vp_categories] 
28.03.2017 03:27:29 sql=[SELECT * FROM vp_categories] 
28.03.2017 03:27:46 sql=[SELECT * FROM vp_categories] 
28.03.2017 03:28:13 sql=[SELECT *FROM  vp_products INNER JOIN vp_categories on vp_products.prod_cate=vp_categories.cate_id ORDER BY  prod_id DESC ] 
28.03.2017 03:29:06 sql=[SELECT *FROM  vp_users Where level=2] 
28.03.2017 03:29:27 sql=[SELECT * FROM vp_categories] 
28.03.2017 03:30:05 sql=[SELECT * FROM vp_categories] 
28.03.2017 03:30:33 sql=[SELECT * FROM vp_categories] 
28.03.2017 03:30:56 sql=[SELECT * FROM vp_categories] 
28.03.2017 03:31:17 sql=[SELECT * FROM vp_categories] 
28.03.2017 03:32:15 sql=[SELECT * FROM vp_categories] 
28.03.2017 03:32:40 sql=[SELECT * FROM vp_categories] 
28.03.2017 03:32:42 sql=[SELECT * FROM vp_categories] 
28.03.2017 03:32:43 sql=[SELECT * FROM vp_categories] 
28.03.2017 03:32:46 sql=[SELECT *FROM  vp_users Where level=2] 
28.03.2017 03:33:23 sql=[SELECT * FROM vp_categories] 
28.03.2017 03:33:33 sql=[SELECT * FROM vp_categories] 
28.03.2017 03:34:24 sql=[SELECT * FROM vp_categories] 
28.03.2017 03:34:25 sql=[SELECT * FROM vp_categories] 
28.03.2017 03:35:48 sql=[SELECT * FROM vp_categories] 
28.03.2017 03:35:55 sql=[SELECT * FROM vp_categories] 
28.03.2017 03:36:12 sql=[SELECT * FROM vp_categories] 
28.03.2017 03:37:24 sql=[SELECT * FROM vp_categories] 
28.03.2017 03:37:53 sql=[SELECT * FROM vp_categories] 
28.03.2017 03:37:57 sql=[SELECT * FROM vp_categories] 
28.03.2017 03:37:59 sql=[SELECT * FROM vp_categories] 
28.03.2017 03:38:01 sql=[SELECT * FROM vp_categories] 
28.03.2017 03:38:03 sql=[SELECT * FROM vp_categories] 
28.03.2017 03:38:55 sql=[SELECT * FROM vp_categories] 
28.03.2017 03:39:27 sql=[SELECT * FROM vp_categories] 
28.03.2017 03:39:40 sql=[SELECT * FROM vp_categories] 
28.03.2017 03:39:44 sql=[SELECT * FROM vp_categories] 
28.03.2017 03:39:47 sql=[SELECT * FROM vp_categories] 
28.03.2017 03:45:05 sql=[SELECT * FROM vp_categories] 
28.03.2017 03:45:22 sql=[SELECT * FROM vp_categories] 
28.03.2017 03:45:23 sql=[SELECT * FROM vp_categories] 
28.03.2017 03:45:47 sql=[SELECT * FROM vp_categories] 
28.03.2017 03:45:51 sql=[SELECT * FROM vp_categories] 
28.03.2017 03:45:54 sql=[SELECT * FROM vp_categories] 
28.03.2017 03:46:15 sql=[SELECT * FROM vp_categories] 
28.03.2017 03:46:50 sql=[SELECT * FROM vp_categories] 
28.03.2017 03:46:50 sql=[SELECT * FROM vp_categories] 
28.03.2017 03:46:50 sql=[SELECT * FROM vp_categories] 
28.03.2017 03:47:02 sql=[SELECT * FROM vp_categories] 
28.03.2017 03:48:18 sql=[SELECT * FROM vp_categories] 
28.03.2017 03:50:55 sql=[SELECT * FROM vp_categories] 
28.03.2017 03:51:05 sql=[SELECT * FROM vp_categories] 
28.03.2017 03:51:09 sql=[SELECT * FROM vp_categories] 
28.03.2017 03:51:12 sql=[SELECT * FROM vp_categories] 
28.03.2017 03:51:16 sql=[SELECT * FROM vp_categories] 
28.03.2017 03:51:55 sql=[SELECT * FROM vp_categories] 
28.03.2017 03:52:32 sql=[SELECT * FROM vp_categories] 
28.03.2017 03:52:44 sql=[SELECT * FROM vp_categories] 
28.03.2017 03:53:10 sql=[SELECT * FROM vp_categories] 
28.03.2017 03:53:15 sql=[SELECT * FROM vp_categories] 
28.03.2017 03:53:30 sql=[SELECT * FROM vp_categories] 
28.03.2017 03:53:36 sql=[SELECT * FROM vp_categories] 
28.03.2017 03:55:23 sql=[SELECT * FROM vp_categories] 
28.03.2017 03:56:10 sql=[SELECT * FROM vp_categories] 
28.03.2017 03:56:46 sql=[SELECT * FROM vp_categories] 
28.03.2017 03:56:52 sql=[SELECT * FROM vp_categories] 
28.03.2017 03:57:24 sql=[SELECT * FROM vp_categories] 
28.03.2017 03:58:38 sql=[SELECT * FROM vp_categories] 
28.03.2017 04:02:31 sql=[SELECT * FROM vp_categories] 
28.03.2017 04:02:44 sql=[SELECT * FROM vp_categories] 
28.03.2017 04:03:00 sql=[SELECT * FROM vp_categories] 
28.03.2017 04:03:46 sql=[SELECT * FROM vp_categories] 
28.03.2017 04:05:20 sql=[SELECT * FROM vp_categories] 
28.03.2017 04:05:20 sql=[SELECT * FROM vp_categories] 
28.03.2017 05:09:11 sql=[SELECT * FROM vp_users WHERE email='admin@gmail.com'and level=1] 
28.03.2017 05:09:11 sql=[SELECT *FROM  vp_users Where level=2] 
28.03.2017 05:09:13 sql=[SELECT * FROM vp_categories] 
28.03.2017 05:09:16 sql=[SELECT * FROM vp_categories] 
28.03.2017 05:09:34 sql=[SELECT * FROM vp_categories] 
28.03.2017 05:10:22 sql=[SELECT * FROM vp_categories] 
28.03.2017 05:10:22 sql=[SELECT * FROM vp_categories] 
28.03.2017 05:10:28 sql=[SELECT * FROM vp_categories] 
28.03.2017 05:10:31 sql=[SELECT * FROM vp_categories] 
28.03.2017 05:10:35 sql=[SELECT * FROM vp_categories] 
28.03.2017 05:11:59 sql=[SELECT * FROM vp_categories] 
28.03.2017 05:12:04 sql=[SELECT * FROM vp_categories] 
28.03.2017 05:12:06 sql=[SELECT * FROM vp_categories] 
28.03.2017 05:12:24 sql=[SELECT * FROM vp_categories] 
28.03.2017 05:13:00 sql=[SELECT * FROM vp_categories] 
28.03.2017 05:15:43 sql=[SELECT * FROM vp_categories] 
28.03.2017 05:15:56 sql=[SELECT * FROM vp_categories] 
28.03.2017 05:16:21 sql=[SELECT * FROM vp_categories] 
28.03.2017 05:17:23 sql=[SELECT * FROM vp_categories] 
28.03.2017 05:17:29 sql=[SELECT * FROM vp_categories] 
28.03.2017 05:17:32 sql=[SELECT * FROM vp_categories] 
28.03.2017 05:17:34 sql=[SELECT * FROM vp_categories] 
28.03.2017 05:17:36 sql=[SELECT * FROM vp_categories] 
28.03.2017 05:17:38 sql=[SELECT * FROM vp_categories] 
28.03.2017 05:17:42 sql=[SELECT * FROM vp_categories] 
28.03.2017 05:17:44 sql=[SELECT * FROM vp_categories] 
28.03.2017 05:17:49 sql=[SELECT * FROM vp_categories] 
28.03.2017 05:17:52 sql=[SELECT * FROM vp_categories] 
28.03.2017 05:17:54 sql=[SELECT * FROM vp_categories] 
28.03.2017 05:17:56 sql=[SELECT * FROM vp_categories] 
28.03.2017 05:17:58 sql=[SELECT * FROM vp_categories] 
28.03.2017 05:17:59 sql=[SELECT * FROM vp_categories] 
28.03.2017 05:18:01 sql=[SELECT * FROM vp_categories] 
28.03.2017 05:19:35 sql=[SELECT * FROM vp_categories] 
28.03.2017 05:20:35 sql=[SELECT * FROM vp_categories] 
28.03.2017 05:20:47 sql=[SELECT * FROM vp_categories] 
28.03.2017 05:21:10 sql=[SELECT * FROM vp_categories] 
28.03.2017 05:21:33 sql=[SELECT * FROM vp_categories] 
28.03.2017 05:21:38 sql=[SELECT * FROM vp_categories] 
28.03.2017 05:21:41 sql=[SELECT * FROM vp_categories] 
28.03.2017 05:23:03 sql=[SELECT * FROM vp_categories] 
28.03.2017 05:23:06 sql=[SELECT * FROM vp_categories] 
28.03.2017 05:23:09 sql=[SELECT * FROM vp_categories] 
28.03.2017 05:23:22 sql=[SELECT * FROM vp_categories] 
28.03.2017 05:23:47 sql=[SELECT * FROM vp_categories] 
28.03.2017 05:26:16 sql=[SELECT * FROM vp_categories] 
28.03.2017 05:30:42 sql=[SELECT * FROM vp_categories] 
28.03.2017 05:30:42 sql=[SELECT * FROM vp_categories] 
28.03.2017 05:31:04 sql=[SELECT * FROM vp_categories] 
28.03.2017 05:32:22 sql=[SELECT * FROM vp_categories] 
28.03.2017 05:33:12 sql=[SELECT * FROM vp_categories] 
28.03.2017 05:35:51 sql=[SELECT * FROM vp_categories] 
28.03.2017 05:39:06 sql=[SELECT * FROM vp_categories] 
28.03.2017 05:39:52 sql=[SELECT * FROM vp_categories] 
28.03.2017 05:40:57 sql=[SELECT * FROM vp_categories] 
28.03.2017 05:41:06 sql=[SELECT * FROM vp_categories] 
28.03.2017 05:42:13 sql=[SELECT * FROM vp_categories] 
28.03.2017 05:42:53 sql=[SELECT * FROM vp_categories] 
28.03.2017 06:19:59 sql=[SELECT * FROM vp_categories] 
28.03.2017 06:21:29 sql=[SELECT * FROM vp_categories] 
28.03.2017 06:22:50 sql=[SELECT * FROM vp_categories] 
28.03.2017 06:23:21 sql=[SELECT * FROM vp_categories] 
28.03.2017 06:27:10 sql=[SELECT * FROM vp_categories] 
28.03.2017 06:28:01 sql=[SELECT * FROM vp_categories] 
28.03.2017 06:28:13 sql=[SELECT * FROM vp_categories] 
28.03.2017 06:33:54 sql=[SELECT * FROM vp_categories] 
28.03.2017 06:34:08 sql=[SELECT * FROM vp_categories] 
28.03.2017 06:35:16 sql=[SELECT * FROM vp_categories] 
28.03.2017 06:35:20 sql=[SELECT * FROM vp_categories] 
28.03.2017 06:36:25 sql=[SELECT * FROM vp_categories] 
28.03.2017 06:36:28 sql=[SELECT * FROM vp_categories] 
28.03.2017 06:36:34 sql=[SELECT * FROM vp_categories] 
28.03.2017 06:36:38 sql=[SELECT * FROM vp_categories] 
28.03.2017 06:36:41 sql=[SELECT * FROM vp_categories] 
28.03.2017 06:37:43 sql=[SELECT * FROM vp_categories] 
28.03.2017 06:37:49 sql=[SELECT * FROM vp_categories] 
28.03.2017 06:38:58 sql=[SELECT * FROM vp_categories] 
28.03.2017 06:39:40 sql=[SELECT * FROM vp_categories] 
28.03.2017 06:40:24 sql=[SELECT * FROM vp_categories] 
28.03.2017 06:40:44 sql=[SELECT * FROM vp_categories] 
28.03.2017 06:42:04 sql=[SELECT * FROM vp_categories] 
28.03.2017 06:42:46 sql=[SELECT * FROM vp_categories] 
28.03.2017 06:43:15 sql=[SELECT * FROM vp_categories] 
28.03.2017 06:43:54 sql=[SELECT * FROM vp_categories] 
28.03.2017 06:47:42 sql=[SELECT * FROM vp_categories] 
28.03.2017 06:47:45 sql=[SELECT * FROM vp_categories] 
28.03.2017 06:47:53 sql=[SELECT * FROM vp_categories] 
28.03.2017 06:47:56 sql=[SELECT * FROM vp_categories] 
28.03.2017 06:48:33 sql=[SELECT * FROM vp_categories] 
28.03.2017 06:50:55 sql=[SELECT *FROM vp_categories] 
28.03.2017 06:50:57 sql=[SELECT *FROM vp_categories] 
28.03.2017 06:51:07 sql=[SELECT *FROM  vp_products INNER JOIN vp_categories on vp_products.prod_cate=vp_categories.cate_id ORDER BY  prod_id DESC ] 
28.03.2017 06:51:15 sql=[SELECT *FROM  vp_users Where level=2] 
30.03.2017 02:58:03 sql=[SELECT * FROM vp_users WHERE email='admin@gmail.com'and level=1] 
30.03.2017 02:58:03 sql=[SELECT *FROM  vp_users Where level=2] 
30.03.2017 02:58:39 sql=[SELECT * FROM vp_categories] 
30.03.2017 02:59:20 sql=[SELECT *FROM  vp_products INNER JOIN vp_categories on vp_products.prod_cate=vp_categories.cate_id ORDER BY  prod_id DESC ] 
30.03.2017 02:59:23 sql=[SELECT *FROM vp_categories] 
30.03.2017 02:59:29 sql=[SELECT * FROM vp_categories] 
30.03.2017 03:00:21 sql=[SELECT * FROM vp_categories] 
30.03.2017 03:00:38 sql=[SELECT *FROM vp_categories] 
30.03.2017 03:11:45 sql=[SELECT *FROM  vp_products INNER JOIN vp_categories on vp_products.prod_cate=vp_categories.cate_id ORDER BY  prod_id DESC ] 
30.03.2017 03:11:48 sql=[SELECT * FROM vp_products where prod_id=37 ] 
30.03.2017 03:11:48 sql=[SELECT *FROM vp_categories] 
30.03.2017 03:11:56 sql=[SELECT * FROM vp_categories] 
30.03.2017 03:12:10 sql=[SELECT * FROM vp_categories] 
30.03.2017 03:12:34 sql=[SELECT *FROM  vp_products INNER JOIN vp_categories on vp_products.prod_cate=vp_categories.cate_id ORDER BY  prod_id DESC ] 
31.03.2017 04:53:18 sql=[SELECT *FROM  vp_users Where level=2] 
31.03.2017 04:53:20 sql=[SELECT * FROM vp_categories] 
31.03.2017 04:53:26 sql=[SELECT *FROM  vp_products INNER JOIN vp_categories on vp_products.prod_cate=vp_categories.cate_id ORDER BY  prod_id DESC ] 
31.03.2017 04:53:29 sql=[SELECT *FROM vp_categories] 
31.03.2017 04:53:34 sql=[SELECT *FROM  vp_users Where level=2] 
31.03.2017 05:08:43 sql=[SELECT * FROM vp_users WHERE email='supt@gmail.com'and level=1] 
31.03.2017 05:08:47 sql=[SELECT * FROM vp_users WHERE email='admin@gmail.com'and level=1] 
31.03.2017 05:08:47 sql=[SELECT *FROM  vp_users Where level=2] 
31.03.2017 05:08:58 sql=[SELECT * FROM vp_categories] 
31.03.2017 05:09:45 sql=[SELECT *FROM  vp_users Where level=2] 
31.03.2017 06:07:13 sql=[SELECT * FROM vp_users WHERE email='admin@gmail.com'and level=1] 
31.03.2017 06:07:13 sql=[SELECT *FROM  vp_users Where level=2] 
31.03.2017 06:07:18 sql=[SELECT * FROM vp_categories] 
01.04.2017 05:54:54 sql=[SELECT * FROM vp_users WHERE email='supt@gmail.com'and level=1] 
01.04.2017 05:54:58 sql=[SELECT * FROM vp_users WHERE email='admin@gmail.com'and level=1] 
01.04.2017 05:54:58 sql=[SELECT *FROM  vp_users Where level=2] 
01.04.2017 05:55:02 sql=[SELECT * FROM vp_categories] 
01.04.2017 05:55:05 sql=[SELECT *FROM  vp_products INNER JOIN vp_categories on vp_products.prod_cate=vp_categories.cate_id ORDER BY  prod_id DESC ] 
01.04.2017 05:55:17 sql=[SELECT * FROM vp_products where prod_id=34 ] 
01.04.2017 05:55:17 sql=[SELECT *FROM vp_categories] 
01.04.2017 05:55:38 sql=[SELECT * FROM vp_products where prod_id=34 ] 
01.04.2017 05:55:38 sql=[SELECT *FROM vp_categories] 
01.04.2017 10:55:38 <!-- sql=[update vp_products set prod_name=n'32',prod_slug=n'121',prod_price=n'21',prod_img=n'887htc2.png',prod_warranty=n'12 month',prod_accessories=n'full-box',number=n'20',prod_promotion=n'21',prod_status=n'1',prod_description=n'31',prod_cate=n'2',updated_at=n'2017-04-01-10-55-38' where prod_id=34] --> 
01.04.2017 05:55:47 sql=[SELECT *FROM  vp_products INNER JOIN vp_categories on vp_products.prod_cate=vp_categories.cate_id ORDER BY  prod_id DESC ] 
01.04.2017 05:56:06 sql=[SELECT * FROM vp_products where prod_id=33 ] 
01.04.2017 05:56:06 sql=[SELECT *FROM vp_categories] 
01.04.2017 05:56:14 sql=[SELECT * FROM vp_products where prod_id=33 ] 
01.04.2017 05:56:14 sql=[SELECT *FROM vp_categories] 
01.04.2017 10:56:14 <!-- sql=[update vp_products set prod_name=n'32',prod_slug=n'121',prod_price=n'21',prod_img=n'861iphone7.2.png',prod_warranty=n'12 month',prod_accessories=n'full-box',number=n'20',prod_promotion=n'21',prod_status=n'1',prod_description=n'31',prod_cate=n'2',updated_at=n'2017-04-01-10-56-14' where prod_id=33] --> 
01.04.2017 06:03:35 sql=[SELECT * FROM vp_products where prod_id=33 ] 
01.04.2017 06:03:35 sql=[SELECT *FROM vp_categories] 
01.04.2017 11:03:35 <!-- sql=[update vp_products set prod_name=n'32',prod_slug=n'121',prod_price=n'21',prod_img=n'927iphone7.2.png',prod_warranty=n'12 month',prod_accessories=n'full-box',number=n'20',prod_promotion=n'21',prod_status=n'1',prod_description=n'31',prod_cate=n'2',updated_at=n'2017-04-01-11-03-35' where prod_id=33] --> 
01.04.2017 06:26:59 sql=[SELECT *FROM  vp_products INNER JOIN vp_categories on vp_products.prod_cate=vp_categories.cate_id ORDER BY  prod_id DESC ] 
01.04.2017 06:27:03 sql=[SELECT * FROM vp_products where prod_id=34 ] 
01.04.2017 06:27:03 sql=[SELECT *FROM vp_categories] 
01.04.2017 06:27:12 sql=[SELECT * FROM vp_products where prod_id=34 ] 
01.04.2017 06:27:12 sql=[SELECT *FROM vp_categories] 
01.04.2017 11:27:12 <!-- sql=[update vp_products set prod_name=n'32',prod_slug=n'121',prod_price=n'21',prod_img=n'535iphone7-red.png',prod_warranty=n'12 month',prod_accessories=n'full-box',number=n'20',prod_promotion=n'21',prod_status=n'1',prod_description=n'31',prod_cate=n'2',updated_at=n'2017-04-01-11-27-12' where prod_id=34] --> 
01.04.2017 03:07:18 sql=[SELECT * FROM vp_users WHERE email='admin@gmail.com'and level=1] 
01.04.2017 03:07:18 sql=[SELECT *FROM  vp_users Where level=2] 
01.04.2017 03:07:21 sql=[SELECT * FROM vp_categories] 
01.04.2017 03:42:26 sql=[SELECT * FROM vp_users WHERE email='admin@gmail.com'and level=1] 
01.04.2017 03:42:26 sql=[SELECT *FROM  vp_users Where level=2] 
01.04.2017 03:42:37 sql=[SELECT *FROM  vp_users Where level=2] 
01.04.2017 03:42:45 sql=[SELECT *FROM  vp_users Where level=2] 
01.04.2017 05:31:19 sql=[SELECT * FROM vp_users WHERE email='admin@gmail.com'and level=1] 
01.04.2017 05:31:19 sql=[SELECT *FROM  vp_users Where level=2] 
01.04.2017 05:31:34 sql=[SELECT *FROM  vp_products INNER JOIN vp_categories on vp_products.prod_cate=vp_categories.cate_id ORDER BY  prod_id DESC ] 
01.04.2017 05:31:39 sql=[SELECT * FROM vp_categories] 
01.04.2017 05:32:32 sql=[SELECT *FROM vp_categories] 
01.04.2017 05:32:53 sql=[SELECT *FROM  vp_products INNER JOIN vp_categories on vp_products.prod_cate=vp_categories.cate_id ORDER BY  prod_id DESC ] 
01.04.2017 05:32:59 sql=[SELECT * FROM vp_products where prod_id=34 ] 
01.04.2017 05:32:59 sql=[SELECT *FROM vp_categories] 
01.04.2017 05:33:01 sql=[SELECT *FROM  vp_products INNER JOIN vp_categories on vp_products.prod_cate=vp_categories.cate_id ORDER BY  prod_id DESC ] 
01.04.2017 05:33:04 sql=[SELECT *FROM  vp_users Where level=2] 
01.04.2017 05:33:07 sql=[SELECT *FROM vp_categories] 
01.04.2017 05:33:10 sql=[SELECT *FROM  vp_products INNER JOIN vp_categories on vp_products.prod_cate=vp_categories.cate_id ORDER BY  prod_id DESC ] 
01.04.2017 05:38:20 sql=[SELECT * FROM vp_categories] 
01.04.2017 05:39:56 sql=[SELECT * FROM vp_categories] 
01.04.2017 05:44:58 sql=[SELECT *FROM vp_categories] 
01.04.2017 05:49:12 sql=[SELECT *FROM vp_categories] 
01.04.2017 05:50:25 sql=[SELECT *FROM vp_categories] 
01.04.2017 05:50:36 sql=[SELECT *FROM vp_categories] 
01.04.2017 05:51:38 sql=[SELECT *FROM vp_categories] 
01.04.2017 05:51:40 sql=[SELECT *FROM vp_categories] 
01.04.2017 06:11:14 sql=[SELECT *FROM vp_categories] 
01.04.2017 06:12:18 sql=[SELECT *FROM vp_categories] 
01.04.2017 06:12:55 sql=[SELECT *FROM vp_categories] 
01.04.2017 06:12:59 sql=[SELECT *FROM  vp_products INNER JOIN vp_categories on vp_products.prod_cate=vp_categories.cate_id ORDER BY  prod_id DESC ] 
01.04.2017 06:13:36 sql=[SELECT *FROM  vp_products INNER JOIN vp_categories on vp_products.prod_cate=vp_categories.cate_id ORDER BY  prod_id DESC ] 
01.04.2017 06:17:28 sql=[SELECT *FROM vp_categories] 
01.04.2017 06:17:54 sql=[SELECT *FROM vp_categories] 
01.04.2017 06:17:56 sql=[SELECT *FROM  vp_products INNER JOIN vp_categories on vp_products.prod_cate=vp_categories.cate_id ORDER BY  prod_id DESC ] 
01.04.2017 06:18:16 sql=[SELECT * FROM vp_categories] 
01.04.2017 06:18:18 sql=[SELECT *FROM  vp_products INNER JOIN vp_categories on vp_products.prod_cate=vp_categories.cate_id ORDER BY  prod_id DESC ] 
01.04.2017 06:18:20 sql=[SELECT *FROM vp_categories] 
01.04.2017 06:19:02 sql=[SELECT *FROM vp_categories] 
01.04.2017 06:19:33 sql=[SELECT *FROM vp_categories] 
01.04.2017 11:19:33 <!-- sql=[insert into vp_products (prod_name,prod_slug,prod_price,prod_img,prod_warranty,prod_accessories,number,prod_promotion,prod_status,prod_description,prod_cate,created_at,updated_at) values (n'Samsung Galaxy S8 black',n'sámung',n'53',n'15514.jpg',n'12 month',n'full-box',n'10',n'sạc dự phòng 12MA',n'1',n'Hàng mới về',n'2',n'2017-04-01-11-04-33',n'2017-04-01-11-04-33')] --> 
01.04.2017 06:19:36 sql=[SELECT *FROM  vp_products INNER JOIN vp_categories on vp_products.prod_cate=vp_categories.cate_id ORDER BY  prod_id DESC ] 
01.04.2017 06:42:29 sql=[SELECT *FROM  vp_products INNER JOIN vp_categories on vp_products.prod_cate=vp_categories.cate_id ORDER BY  prod_id DESC ] 
01.04.2017 06:42:31 sql=[SELECT * FROM vp_products where prod_id=38 ] 
01.04.2017 06:42:31 sql=[SELECT *FROM vp_categories] 
01.04.2017 06:42:38 sql=[SELECT * FROM vp_products where prod_id=38 ] 
01.04.2017 06:42:38 sql=[SELECT *FROM vp_categories] 
01.04.2017 11:42:38 <!-- sql=[update vp_products set prod_name=n'Samsung Galaxy S8 black1',prod_slug=n'sámung',prod_price=n'53',prod_warranty=n'12 month',prod_accessories=n'full-box',number=n'10',prod_promotion=n'sạc dự phòng 12MA',prod_status=n'1',prod_description=n'Hàng mới về',prod_cate=n'2',updated_at=n'2017-04-01-11-42-38' where prod_id=38] --> 
01.04.2017 07:01:54 sql=[SELECT *FROM vp_categories] 
01.04.2017 07:02:42 sql=[SELECT *FROM vp_categories] 
02.04.2017 12:02:42 <!-- sql=[insert into vp_products (prod_name,prod_slug,prod_price,prod_img,prod_warranty,prod_accessories,number,prod_promotion,prod_status,prod_description,prod_cate,created_at,updated_at) values (n'Iphone 7s plus Pink',n'iphone7',n'36',n'4359-1.jpg',n'12 month',n'full-box',n'10',n'sạc dự phòng 12MA',n'1',n'Hàng hót',n'1',n'2017-04-02-12-04-42',n'2017-04-02-12-04-42')] --> 
01.04.2017 07:02:44 sql=[SELECT *FROM  vp_products INNER JOIN vp_categories on vp_products.prod_cate=vp_categories.cate_id ORDER BY  prod_id DESC ] 
01.04.2017 07:03:53 sql=[SELECT * FROM vp_products where prod_id=39 ] 
01.04.2017 07:03:53 sql=[SELECT *FROM vp_categories] 
01.04.2017 07:04:12 sql=[SELECT * FROM vp_products where prod_id=39 ] 
01.04.2017 07:04:12 sql=[SELECT *FROM vp_categories] 
02.04.2017 12:04:12 <!-- sql=[update vp_products set prod_name=n'Iphone 7s Pink',prod_slug=n'iphone7',prod_price=n'36',prod_warranty=n'12 month',prod_accessories=n'full-box',number=n'10',prod_promotion=n'sạc dự phòng 12MA',prod_status=n'1',prod_description=n'Hàng hót',prod_cate=n'1',updated_at=n'2017-04-02-12-04-12' where prod_id=39] --> 
01.04.2017 07:05:00 sql=[SELECT * FROM vp_categories] 
01.04.2017 07:05:02 sql=[SELECT *FROM  vp_products INNER JOIN vp_categories on vp_products.prod_cate=vp_categories.cate_id ORDER BY  prod_id DESC ] 
01.04.2017 07:05:20 sql=[SELECT *FROM  vp_products INNER JOIN vp_categories on vp_products.prod_cate=vp_categories.cate_id ORDER BY  prod_id DESC ] 
01.04.2017 07:05:22 sql=[SELECT * FROM vp_products where prod_id=39 ] 
01.04.2017 07:05:22 sql=[SELECT *FROM vp_categories] 
01.04.2017 07:05:29 sql=[SELECT * FROM vp_products where prod_id=39 ] 
01.04.2017 07:05:29 sql=[SELECT *FROM vp_categories] 
02.04.2017 12:05:29 <!-- sql=[update vp_products set prod_name=n'Iphone6s Pink',prod_slug=n'iphone6',prod_price=n'36',prod_warranty=n'12 month',prod_accessories=n'full-box',number=n'10',prod_promotion=n'sạc dự phòng 12MA',prod_status=n'1',prod_description=n'Hàng hót',prod_cate=n'1',updated_at=n'2017-04-02-12-05-29' where prod_id=39] --> 
01.04.2017 07:05:40 sql=[SELECT *FROM  vp_products INNER JOIN vp_categories on vp_products.prod_cate=vp_categories.cate_id ORDER BY  prod_id DESC ] 
01.04.2017 07:05:52 sql=[SELECT * FROM vp_products where prod_id=31 ] 
01.04.2017 07:05:52 sql=[SELECT *FROM vp_categories] 
01.04.2017 07:06:04 sql=[SELECT * FROM vp_products where prod_id=31 ] 
01.04.2017 07:06:04 sql=[SELECT *FROM vp_categories] 
02.04.2017 12:06:04 <!-- sql=[update vp_products set prod_name=n'iphone 6 plus',prod_slug=n'iphone',prod_price=n'70',prod_img=n'38421.jpg',prod_warranty=n'12 month',prod_accessories=n'full-box',number=n'100',prod_promotion=n'nk',prod_status=n'1',prod_description=n'may ngon lam',prod_cate=n'1',updated_at=n'2017-04-02-12-06-04' where prod_id=31] --> 
01.04.2017 07:06:22 sql=[SELECT * FROM vp_products where prod_id=31 ] 
01.04.2017 07:06:22 sql=[SELECT *FROM vp_categories] 
02.04.2017 12:06:22 <!-- sql=[update vp_products set prod_name=n'iphone 6 plus',prod_slug=n'iphone',prod_price=n'70',prod_img=n'25921.jpg',prod_warranty=n'12 month',prod_accessories=n'full-box',number=n'100',prod_promotion=n'nk',prod_status=n'1',prod_description=n'may ngon lam',prod_cate=n'1',updated_at=n'2017-04-02-12-06-22' where prod_id=31] --> 
01.04.2017 07:06:27 sql=[SELECT *FROM  vp_products INNER JOIN vp_categories on vp_products.prod_cate=vp_categories.cate_id ORDER BY  prod_id DESC ] 
01.04.2017 07:06:32 sql=[SELECT * FROM vp_products where prod_id=32 ] 
01.04.2017 07:06:32 sql=[SELECT *FROM vp_categories] 
01.04.2017 07:07:10 sql=[SELECT * FROM vp_products where prod_id=32 ] 
01.04.2017 07:07:10 sql=[SELECT *FROM vp_categories] 
02.04.2017 12:07:10 <!-- sql=[update vp_products set prod_name=n'Node 5 pro',prod_slug=n'sam sung',prod_price=n'25',prod_img=n'149s1.png',prod_warranty=n'12 month',prod_accessories=n'full-box',number=n'20',prod_promotion=n'21',prod_status=n'1',prod_description=n'12',prod_cate=n'2',updated_at=n'2017-04-02-12-07-10' where prod_id=32] --> 
01.04.2017 07:07:17 sql=[SELECT *FROM  vp_products INNER JOIN vp_categories on vp_products.prod_cate=vp_categories.cate_id ORDER BY  prod_id DESC ] 
01.04.2017 07:07:26 sql=[SELECT * FROM vp_products where prod_id=13 ] 
01.04.2017 07:07:26 sql=[SELECT *FROM vp_categories] 
01.04.2017 07:07:44 sql=[SELECT * FROM vp_products where prod_id=13 ] 
01.04.2017 07:07:44 sql=[SELECT *FROM vp_categories] 
02.04.2017 12:07:44 <!-- sql=[update vp_products set prod_name=n'iPhone 5s',prod_slug=n'iphone',prod_price=n'35',prod_img=n'8805s.png',prod_warranty=n'12 month',prod_accessories=n'full-box',number=n'0',prod_promotion=n'Khuyến mãi',prod_status=n'1',prod_description=n'<p>Miêu tả sản phẩm</p>',prod_cate=n'1',updated_at=n'2017-04-02-12-07-44' where prod_id=13] --> 
01.04.2017 07:07:48 sql=[SELECT *FROM  vp_products INNER JOIN vp_categories on vp_products.prod_cate=vp_categories.cate_id ORDER BY  prod_id DESC ] 
01.04.2017 07:07:58 sql=[SELECT * FROM vp_products where prod_id=25 ] 
01.04.2017 07:07:58 sql=[SELECT *FROM vp_categories] 
01.04.2017 07:08:34 sql=[SELECT * FROM vp_products where prod_id=25 ] 
01.04.2017 07:08:34 sql=[SELECT *FROM vp_categories] 
02.04.2017 12:08:34 <!-- sql=[update vp_products set prod_name=n'XaoMI M4',prod_slug=n'xao mi',prod_price=n'35',prod_img=n'3586.png',prod_warranty=n'12 month',prod_accessories=n'full-box',number=n'10',prod_promotion=n'sadfas',prod_status=n'1',prod_description=n'<p>fasdfasdf</p>',prod_cate=n'7',updated_at=n'2017-04-02-12-08-34' where prod_id=25] --> 
01.04.2017 07:08:37 sql=[SELECT *FROM  vp_products INNER JOIN vp_categories on vp_products.prod_cate=vp_categories.cate_id ORDER BY  prod_id DESC ] 
01.04.2017 07:08:52 sql=[SELECT * FROM vp_products where prod_id=18 ] 
01.04.2017 07:08:52 sql=[SELECT *FROM vp_categories] 
01.04.2017 07:09:18 sql=[SELECT * FROM vp_products where prod_id=18 ] 
01.04.2017 07:09:18 sql=[SELECT *FROM vp_categories] 
02.04.2017 12:09:18 <!-- sql=[update vp_products set prod_name=n'Sony z5',prod_slug=n'sony',prod_price=n'242354235',prod_img=n'336p2.png',prod_warranty=n'12 month',prod_accessories=n'full-box',number=n'10',prod_promotion=n'sdfg',prod_status=n'1',prod_description=n'<p>sdfgsdfg</p>',prod_cate=n'49',updated_at=n'2017-04-02-12-09-18' where prod_id=18] --> 
01.04.2017 07:09:24 sql=[SELECT *FROM  vp_products INNER JOIN vp_categories on vp_products.prod_cate=vp_categories.cate_id ORDER BY  prod_id DESC ] 
01.04.2017 07:09:34 sql=[SELECT * FROM vp_products where prod_id=22 ] 
01.04.2017 07:09:34 sql=[SELECT *FROM vp_categories] 
01.04.2017 07:10:01 sql=[SELECT * FROM vp_products where prod_id=22 ] 
01.04.2017 07:10:01 sql=[SELECT *FROM vp_categories] 
02.04.2017 12:10:01 <!-- sql=[update vp_products set prod_name=n'MI2',prod_slug=n'ad',prod_price=n'56',prod_img=n'7058.png',prod_warranty=n'12 month',prod_accessories=n'full-box',number=n'10',prod_promotion=n'ádfasd',prod_status=n'1',prod_description=n'<p>dfgdfgdf</p>',prod_cate=n'7',updated_at=n'2017-04-02-12-10-01' where prod_id=22] --> 
01.04.2017 07:10:03 sql=[SELECT *FROM  vp_products INNER JOIN vp_categories on vp_products.prod_cate=vp_categories.cate_id ORDER BY  prod_id DESC ] 
01.04.2017 07:15:30 sql=[SELECT * FROM vp_users WHERE email='admin@gmail.com'and level=1] 
01.04.2017 07:15:30 sql=[SELECT *FROM  vp_users Where level=2] 
02.04.2017 09:15:43 sql=[SELECT * FROM vp_users WHERE email='admin@gmail.com'and level=1] 
02.04.2017 09:15:43 sql=[SELECT *FROM  vp_users Where level=2] 
02.04.2017 09:17:58 sql=[SELECT *FROM  vp_products INNER JOIN vp_categories on vp_products.prod_cate=vp_categories.cate_id ORDER BY  prod_id DESC ] 
02.04.2017 01:11:14 sql=[SELECT * FROM vp_products where prod_id=39 ] 
02.04.2017 01:11:14 sql=[SELECT *FROM vp_categories] 
02.04.2017 03:52:42 sql=[SELECT *FROM vp_categories] 
02.04.2017 03:52:46 sql=[SELECT *FROM  vp_products INNER JOIN vp_categories on vp_products.prod_cate=vp_categories.cate_id ORDER BY  prod_id DESC ] 
02.04.2017 03:53:40 sql=[SELECT *FROM  vp_products INNER JOIN vp_categories on vp_products.prod_cate=vp_categories.cate_id ORDER BY  prod_id DESC ] 
02.04.2017 04:00:18 sql=[SELECT *FROM  vp_products INNER JOIN vp_categories on vp_products.prod_cate=vp_categories.cate_id ORDER BY  prod_id DESC ] 
02.04.2017 04:03:56 sql=[SELECT *FROM  vp_products INNER JOIN vp_categories on vp_products.prod_cate=vp_categories.cate_id ORDER BY  prod_id DESC ] 
02.04.2017 04:05:19 sql=[SELECT *FROM  vp_products INNER JOIN vp_categories on vp_products.prod_cate=vp_categories.cate_id ORDER BY  prod_id DESC ] 
02.04.2017 04:06:00 sql=[SELECT *FROM  vp_products INNER JOIN vp_categories on vp_products.prod_cate=vp_categories.cate_id ORDER BY  prod_id DESC ] 
02.04.2017 04:06:11 sql=[SELECT *FROM  vp_products INNER JOIN vp_categories on vp_products.prod_cate=vp_categories.cate_id ORDER BY  prod_id DESC ] 
02.04.2017 04:12:08 sql=[SELECT *FROM  vp_products INNER JOIN vp_categories on vp_products.prod_cate=vp_categories.cate_id ORDER BY  prod_id DESC ] 
02.04.2017 04:13:15 sql=[SELECT *FROM  vp_products INNER JOIN vp_categories on vp_products.prod_cate=vp_categories.cate_id ORDER BY  prod_id DESC ] 
02.04.2017 04:13:22 sql=[SELECT *FROM  vp_products INNER JOIN vp_categories on vp_products.prod_cate=vp_categories.cate_id ORDER BY  prod_id DESC ] 
02.04.2017 04:14:08 sql=[SELECT *FROM  vp_products INNER JOIN vp_categories on vp_products.prod_cate=vp_categories.cate_id ORDER BY  prod_id DESC ] 
02.04.2017 04:16:15 sql=[SELECT *FROM  vp_products INNER JOIN vp_categories on vp_products.prod_cate=vp_categories.cate_id ORDER BY  prod_id DESC ] 
02.04.2017 04:16:30 sql=[SELECT *FROM  vp_products INNER JOIN vp_categories on vp_products.prod_cate=vp_categories.cate_id ORDER BY  prod_id DESC ] 
02.04.2017 04:17:21 sql=[SELECT *FROM  vp_products INNER JOIN vp_categories on vp_products.prod_cate=vp_categories.cate_id ORDER BY  prod_id DESC ] 
02.04.2017 04:17:30 sql=[SELECT *FROM  vp_products INNER JOIN vp_categories on vp_products.prod_cate=vp_categories.cate_id ORDER BY  prod_id DESC ] 
02.04.2017 04:17:38 sql=[SELECT *FROM  vp_products INNER JOIN vp_categories on vp_products.prod_cate=vp_categories.cate_id ORDER BY  prod_id DESC ] 
02.04.2017 04:18:42 sql=[SELECT *FROM  vp_products INNER JOIN vp_categories on vp_products.prod_cate=vp_categories.cate_id ORDER BY  prod_id DESC ] 
02.04.2017 04:19:16 sql=[SELECT *FROM  vp_users Where level=2] 
02.04.2017 04:28:51 sql=[SELECT *FROM  vp_users Where level=2] 
02.04.2017 04:33:01 sql=[SELECT *FROM  vp_users Where level=2] 
03.04.2017 07:04:43 sql=[SELECT * FROM vp_users WHERE email='admin@gmail.com'and level=1] 
03.04.2017 07:04:44 sql=[SELECT *FROM  vp_users Where level=2] 
04.04.2017 10:50:52 sql=[SELECT * FROM vp_users WHERE email='admin@gmail.com'and level=1] 
04.04.2017 10:50:52 sql=[SELECT *FROM  vp_users Where level=2] 
04.04.2017 10:51:15 sql=[SELECT *FROM  vp_users Where level=2] 
04.04.2017 10:52:44 sql=[SELECT * FROM vp_categories] 
04.04.2017 10:53:11 sql=[SELECT * FROM vp_categories] 
04.04.2017 10:53:21 sql=[SELECT * FROM vp_categories] 
04.04.2017 10:53:44 sql=[SELECT *FROM  vp_products INNER JOIN vp_categories on vp_products.prod_cate=vp_categories.cate_id ORDER BY  prod_id DESC ] 
04.04.2017 10:53:47 sql=[SELECT *FROM  vp_users Where level=2] 
04.04.2017 10:53:50 sql=[SELECT * FROM vp_categories] 
04.04.2017 10:55:27 sql=[SELECT * FROM vp_categories] 
04.04.2017 10:55:35 sql=[SELECT * FROM vp_categories] 
04.04.2017 10:55:35 sql=[SELECT * FROM vp_categories] 
