22.03.2017 04:27:22 sql=[SELECT * FROM vp_products where prod_name='32'] 
22.03.2017 04:27:44 sql=[SELECT * FROM vp_products where prod_name='1'] 
22.03.2017 04:27:47 sql=[SELECT * FROM vp_products where prod_name='12'] 
22.03.2017 04:28:06 sql=[SELECT * FROM vp_products where prod_name='iphone'] 
22.03.2017 04:28:24 sql=[SELECT * FROM vp_products where prod_name='a'] 
22.03.2017 04:28:26 sql=[SELECT * FROM vp_products where prod_name='12'] 
22.03.2017 04:29:19 sql=[SELECT * FROM vp_products where prod_name='12'] 
22.03.2017 04:29:22 sql=[SELECT * FROM vp_products where prod_name='dsd'] 
22.03.2017 04:30:58 sql=[SELECT * FROM vp_products where prod_name='12'] 
22.03.2017 04:31:10 sql=[SELECT * FROM vp_products where prod_name='12'] 
22.03.2017 04:31:37 sql=[SELECT * FROM vp_products where prod_name='12'] 
22.03.2017 04:35:44 sql=[SELECT * FROM vp_products where prod_name='12'] 
22.03.2017 04:35:50 sql=[SELECT * FROM vp_products where prod_name='nguyendai'] 
22.03.2017 04:36:42 sql=[SELECT * FROM vp_products where prod_name='23'] 
22.03.2017 04:36:43 sql=[SELECT * FROM vp_products where prod_name='12'] 
22.03.2017 04:59:41 sql=[SELECT * FROM vp_products where prod_name='313'] 
22.03.2017 05:01:39 sql=[SELECT * FROM vp_products where prod_name='12'] 
22.03.2017 05:01:44 sql=[SELECT * FROM vp_products where prod_name='nguyendai'] 
22.03.2017 05:09:25 sql=[SELECT * FROM vp_products where prod_name='sam sung s8'] 
23.03.2017 02:18:01 sql=[SELECT * FROM vp_products where prod_name='nguyendai1'] 
23.03.2017 04:33:29 sql=[SELECT * FROM vp_products where prod_name='sámungs7'] 
24.03.2017 05:40:19 sql=[SELECT * FROM vp_categories where cate_name='iphone'] 
24.03.2017 05:40:44 sql=[SELECT * FROM vp_categories where cate_name='iphone'] 
24.03.2017 05:41:03 sql=[SELECT * FROM vp_categories where cate_name='iphone'] 
24.03.2017 05:44:06 sql=[SELECT * FROM vp_categories where cate_name='iphone'] 
24.03.2017 05:48:04 sql=[SELECT * FROM vp_categories where cate_name='iphone'] 
24.03.2017 05:48:14 sql=[SELECT * FROM vp_categories where cate_name='iphone'] 
24.03.2017 05:50:11 sql=[SELECT * FROM vp_categories where cate_name='32'] 
24.03.2017 05:50:16 sql=[SELECT * FROM vp_categories where cate_name='iphone'] 
24.03.2017 05:52:17 sql=[SELECT * FROM vp_categories where cate_name='12'] 
24.03.2017 05:52:20 sql=[SELECT * FROM vp_categories where cate_name='iphone'] 
24.03.2017 05:54:03 sql=[SELECT * FROM vp_categories where cate_name='iphone'] 
24.03.2017 05:59:23 sql=[SELECT * FROM vp_categories where cate_name='12'] 
24.03.2017 05:59:41 sql=[SELECT * FROM vp_categories where cate_name='iphone'] 
24.03.2017 06:00:04 sql=[SELECT * FROM vp_categories where cate_name='iphone'] 
24.03.2017 06:00:23 sql=[SELECT * FROM vp_categories where cate_name='qư`'] 
24.03.2017 06:00:28 sql=[SELECT * FROM vp_categories where cate_name='qư'] 
24.03.2017 06:00:40 sql=[SELECT * FROM vp_categories where cate_name='qư'] 
24.03.2017 06:00:45 sql=[SELECT * FROM vp_categories where cate_name='iphone'] 
24.03.2017 06:00:54 sql=[SELECT * FROM vp_categories where cate_name='12'] 
24.03.2017 06:00:57 sql=[SELECT * FROM vp_categories where cate_name='21'] 
24.03.2017 06:04:22 sql=[SELECT * FROM vp_categories where cate_name='12'] 
24.03.2017 06:04:26 sql=[SELECT * FROM vp_categories where cate_name='iphone'] 
24.03.2017 06:04:44 sql=[SELECT * FROM vp_categories where cate_name='iphone12'] 
24.03.2017 06:04:54 sql=[SELECT * FROM vp_categories where cate_name='12'] 
24.03.2017 06:05:49 sql=[SELECT * FROM vp_categories where cate_name='21'] 
24.03.2017 06:05:53 sql=[SELECT * FROM vp_categories where cate_name='iphone'] 
24.03.2017 09:03:05 sql=[SELECT * FROM vp_categories where cate_name='iphone'] 
24.03.2017 09:03:08 sql=[SELECT * FROM vp_categories where cate_name='12'] 
24.03.2017 09:03:15 sql=[SELECT * FROM vp_categories where cate_name='IPHONE'] 
24.03.2017 09:03:23 sql=[SELECT * FROM vp_categories where cate_name='12'] 
24.03.2017 09:03:27 sql=[SELECT * FROM vp_categories where cate_name='IPHONE'] 
24.03.2017 09:03:29 sql=[SELECT * FROM vp_categories where cate_name='12'] 
24.03.2017 09:03:36 sql=[SELECT * FROM vp_categories where cate_name='IPHONE'] 
24.03.2017 09:03:38 sql=[SELECT * FROM vp_categories where cate_name='IPHONE12'] 
24.03.2017 09:07:10 sql=[SELECT * FROM vp_categories where cate_name='12'] 
24.03.2017 09:12:52 sql=[SELECT * FROM vp_categories where cate_name='iphone'] 
24.03.2017 09:13:04 sql=[SELECT * FROM vp_categories where cate_name='12'] 
24.03.2017 09:13:09 sql=[SELECT * FROM vp_categories where cate_name='21'] 
24.03.2017 09:13:56 sql=[SELECT * FROM vp_categories where cate_name='12'] 
24.03.2017 09:14:28 sql=[SELECT * FROM vp_categories where cate_name='12'] 
24.03.2017 09:15:31 sql=[SELECT * FROM vp_categories where cate_name='12'] 
24.03.2017 09:16:18 sql=[SELECT * FROM vp_categories where cate_name='12'] 
24.03.2017 09:17:25 sql=[SELECT * FROM vp_categories where cate_name='12'] 
24.03.2017 09:17:39 sql=[SELECT * FROM vp_categories where cate_name='ẻ'] 
24.03.2017 09:17:44 sql=[SELECT * FROM vp_categories where cate_name='43'] 
24.03.2017 09:17:49 sql=[SELECT * FROM vp_categories where cate_name='iphonr'] 
24.03.2017 09:17:51 sql=[SELECT * FROM vp_categories where cate_name='iphone'] 
24.03.2017 09:17:58 sql=[SELECT * FROM vp_categories where cate_name='23'] 
24.03.2017 09:20:45 sql=[SELECT * FROM vp_categories where cate_name='12'] 
24.03.2017 09:22:05 sql=[SELECT * FROM vp_categories where cate_name='12'] 
24.03.2017 09:22:35 sql=[SELECT * FROM vp_categories where cate_name='12'] 
24.03.2017 09:22:49 sql=[SELECT * FROM vp_categories where cate_name='12'] 
24.03.2017 09:23:01 sql=[SELECT * FROM vp_categories where cate_name='iphone'] 
24.03.2017 09:23:09 sql=[SELECT * FROM vp_categories where cate_name='iphone12'] 
24.03.2017 09:23:15 sql=[SELECT * FROM vp_categories where cate_name=''] 
24.03.2017 09:23:22 sql=[SELECT * FROM vp_categories where cate_name=''] 
24.03.2017 09:23:33 sql=[SELECT * FROM vp_categories where cate_name='12'] 
24.03.2017 09:23:36 sql=[SELECT * FROM vp_categories where cate_name=''] 
24.03.2017 09:24:04 sql=[SELECT * FROM vp_categories where cate_name='12'] 
24.03.2017 09:24:06 sql=[SELECT * FROM vp_categories where cate_name=''] 
24.03.2017 09:25:25 sql=[SELECT * FROM vp_categories where cate_name='12'] 
24.03.2017 09:25:27 sql=[SELECT * FROM vp_categories where cate_name=''] 
24.03.2017 09:26:04 sql=[SELECT * FROM vp_categories where cate_name='12'] 
24.03.2017 09:26:06 sql=[SELECT * FROM vp_categories where cate_name=''] 
24.03.2017 09:27:03 sql=[SELECT * FROM vp_categories where cate_name='qư'] 
24.03.2017 09:27:05 sql=[SELECT * FROM vp_categories where cate_name='12'] 
24.03.2017 09:27:07 sql=[SELECT * FROM vp_categories where cate_name='1242'] 
24.03.2017 09:36:13 sql=[SELECT * FROM vp_categories where cate_name='12'] 
24.03.2017 09:37:57 sql=[SELECT * FROM vp_categories where cate_name='Hoan'] 
24.03.2017 03:37:58 <!-- sql=[insert into vp_categories (cate_name,created_at,updated_at) values (n'Hoan',n'2017-03-24-03-37-58',n'2017-03-24-03-37-58')] --> 
24.03.2017 09:40:49 sql=[SELECT * FROM vp_categories where cate_name='Khanh'] 
24.03.2017 03:40:51 <!-- sql=[insert into vp_categories (cate_name,created_at,updated_at) values (n'Khanh',n'2017-03-24-03-40-51',n'2017-03-24-03-40-51')] --> 
24.03.2017 03:40:51 sql=[SELECT * FROM vp_categories] 
24.03.2017 03:41:03 <!-- sql=[insert into vp_categories (cate_name,created_at,updated_at) values (n'Khanh',n'2017-03-24-03-41-03',n'2017-03-24-03-41-03')] --> 
24.03.2017 03:41:03 sql=[SELECT * FROM vp_categories] 
24.03.2017 10:12:02 sql=[SELECT * FROM vp_categories where cate_name='khanh'] 
24.03.2017 10:12:28 sql=[SELECT * FROM vp_categories where cate_name='khanh1'] 
24.03.2017 10:15:44 sql=[SELECT * FROM vp_categories where cate_name='su'] 
24.03.2017 04:15:46 <!-- sql=[insert into vp_categories (cate_name,created_at,updated_at) values (n'su',n'2017-03-24-04-15-46',n'2017-03-24-04-15-46')] --> 
24.03.2017 10:16:22 sql=[SELECT * FROM vp_categories where cate_name='su123'] 
24.03.2017 04:16:22 <!-- sql=[insert into vp_categories (cate_name,created_at,updated_at) values (n'su123',n'2017-03-24-04-16-22',n'2017-03-24-04-16-22')] --> 
24.03.2017 10:17:19 sql=[SELECT * FROM vp_categories where cate_name='Hoan'] 
24.03.2017 04:17:20 <!-- sql=[insert into vp_categories (cate_name,created_at,updated_at) values (n'Hoan',n'2017-03-24-04-17-20',n'2017-03-24-04-17-20')] --> 
24.03.2017 04:17:21 sql=[SELECT * FROM vp_categories] 
24.03.2017 10:21:22 sql=[SELECT * FROM vp_categories where cate_name='Khanh'] 
24.03.2017 10:21:56 sql=[SELECT * FROM vp_categories where cate_name='Khanh'] 
24.03.2017 04:21:57 <!-- sql=[insert into vp_categories (cate_name,created_at,updated_at) values (n'Khanh',n'2017-03-24-04-21-57',n'2017-03-24-04-21-57')] --> 
24.03.2017 04:21:57 sql=[SELECT * FROM vp_categories] 
24.03.2017 10:22:43 sql=[SELECT * FROM vp_categories where cate_name='Khanh123'] 
24.03.2017 04:22:44 <!-- sql=[insert into vp_categories (cate_name,created_at,updated_at) values (n'Khanh123',n'2017-03-24-04-22-44',n'2017-03-24-04-22-44')] --> 
24.03.2017 04:22:44 sql=[SELECT * FROM vp_categories] 
24.03.2017 10:23:35 sql=[SELECT * FROM vp_categories where cate_name='khanh123'] 
24.03.2017 04:23:35 <!-- sql=[insert into vp_categories (cate_name,created_at,updated_at) values (n'khanh123',n'2017-03-24-04-23-35',n'2017-03-24-04-23-35')] --> 
24.03.2017 04:23:35 sql=[SELECT * FROM vp_categories] 
24.03.2017 10:28:43 sql=[SELECT * FROM vp_categories where cate_name='nguyendai'] 
24.03.2017 04:28:45 <!-- sql=[insert into vp_categories (cate_name,created_at,updated_at) values (n'nguyendai',n'2017-03-24-04-28-45',n'2017-03-24-04-28-45')] --> 
24.03.2017 04:28:45 sql=[SELECT * FROM vp_categories] 
24.03.2017 10:29:01 sql=[SELECT * FROM vp_categories where cate_name='huynh'] 
24.03.2017 04:29:01 <!-- sql=[insert into vp_categories (cate_name,created_at,updated_at) values (n'huynh',n'2017-03-24-04-29-01',n'2017-03-24-04-29-01')] --> 
24.03.2017 04:29:01 sql=[SELECT * FROM vp_categories] 
24.03.2017 04:29:06 <!-- sql=[insert into vp_categories (cate_name,created_at,updated_at) values (n'huynh',n'2017-03-24-04-29-06',n'2017-03-24-04-29-06')] --> 
24.03.2017 04:29:06 sql=[SELECT * FROM vp_categories] 
24.03.2017 10:29:28 sql=[SELECT * FROM vp_categories where cate_name='nguyendai'] 
24.03.2017 10:30:18 sql=[SELECT * FROM vp_categories where cate_name=''] 
24.03.2017 10:31:00 sql=[SELECT * FROM vp_categories where cate_name='Hoàn'] 
24.03.2017 04:31:00 <!-- sql=[insert into vp_categories (cate_name,created_at,updated_at) values (n'Hoàn',n'2017-03-24-04-31-00',n'2017-03-24-04-31-00')] --> 
24.03.2017 04:31:00 sql=[SELECT * FROM vp_categories] 
24.03.2017 10:31:10 sql=[SELECT * FROM vp_categories where cate_name='Hoàn'] 
24.03.2017 10:31:11 sql=[SELECT * FROM vp_categories where cate_name='Hoàn'] 
24.03.2017 10:31:13 sql=[SELECT * FROM vp_categories where cate_name='Hoàn'] 
24.03.2017 10:31:17 sql=[SELECT * FROM vp_categories where cate_name='Hoàn'] 
24.03.2017 10:31:18 sql=[SELECT * FROM vp_categories where cate_name='Hoàn'] 
24.03.2017 10:31:22 sql=[SELECT * FROM vp_categories where cate_name='Hoàn'] 
24.03.2017 10:33:01 sql=[SELECT * FROM vp_categories where cate_name='Hoan'] 
24.03.2017 04:33:01 <!-- sql=[insert into vp_categories (cate_name,created_at,updated_at) values (n'Hoan',n'2017-03-24-04-33-01',n'2017-03-24-04-33-01')] --> 
24.03.2017 04:33:01 sql=[SELECT * FROM vp_categories] 
24.03.2017 10:33:10 sql=[SELECT * FROM vp_categories where cate_name='Hoan1'] 
24.03.2017 10:33:12 sql=[SELECT * FROM vp_categories where cate_name='Hoan'] 
24.03.2017 10:34:13 sql=[SELECT * FROM vp_categories where cate_name=''] 
24.03.2017 10:34:16 sql=[SELECT * FROM vp_categories where cate_name=''] 
24.03.2017 10:34:21 sql=[SELECT * FROM vp_categories where cate_name=''] 
24.03.2017 10:34:22 sql=[SELECT * FROM vp_categories where cate_name=''] 
24.03.2017 10:34:23 sql=[SELECT * FROM vp_categories where cate_name=''] 
24.03.2017 10:34:23 sql=[SELECT * FROM vp_categories where cate_name=''] 
24.03.2017 10:34:24 sql=[SELECT * FROM vp_categories where cate_name=''] 
24.03.2017 10:34:25 sql=[SELECT * FROM vp_categories where cate_name=''] 
24.03.2017 10:34:25 sql=[SELECT * FROM vp_categories where cate_name=''] 
24.03.2017 10:34:25 sql=[SELECT * FROM vp_categories where cate_name=''] 
24.03.2017 10:34:26 sql=[SELECT * FROM vp_categories where cate_name=''] 
24.03.2017 10:34:26 sql=[SELECT * FROM vp_categories where cate_name=''] 
24.03.2017 10:34:26 sql=[SELECT * FROM vp_categories where cate_name=''] 
24.03.2017 10:34:27 sql=[SELECT * FROM vp_categories where cate_name=''] 
24.03.2017 10:34:27 sql=[SELECT * FROM vp_categories where cate_name=''] 
24.03.2017 10:34:28 sql=[SELECT * FROM vp_categories where cate_name=''] 
24.03.2017 10:34:29 sql=[SELECT * FROM vp_categories where cate_name=''] 
24.03.2017 10:34:32 sql=[SELECT * FROM vp_categories where cate_name=''] 
24.03.2017 10:34:36 sql=[SELECT * FROM vp_categories where cate_name='Hoan'] 
24.03.2017 10:34:37 sql=[SELECT * FROM vp_categories where cate_name='Hoan12'] 
24.03.2017 04:34:40 <!-- sql=[insert into vp_categories (cate_name,created_at,updated_at) values (n'Hoan12',n'2017-03-24-04-34-40',n'2017-03-24-04-34-40')] --> 
24.03.2017 04:34:40 sql=[SELECT * FROM vp_categories] 
24.03.2017 10:34:47 sql=[SELECT * FROM vp_categories where cate_name='Hoan12'] 
24.03.2017 10:50:22 sql=[SELECT * FROM vp_categories where cate_name='HOAN'] 
24.03.2017 10:50:28 sql=[SELECT * FROM vp_categories where cate_name='HOAN13'] 
24.03.2017 04:50:29 <!-- sql=[insert into vp_categories (cate_name,created_at,updated_at) values (n'HOAN13',n'2017-03-24-04-50-29',n'2017-03-24-04-50-29')] --> 
24.03.2017 04:50:29 sql=[SELECT * FROM vp_categories] 
24.03.2017 04:37:32 sql=[SELECT * FROM vp_categories where cate_name=''] 
24.03.2017 04:37:35 sql=[SELECT * FROM vp_categories where cate_name=''] 
24.03.2017 04:38:25 sql=[SELECT * FROM vp_categories where cate_name=''] 
24.03.2017 04:38:29 sql=[SELECT * FROM vp_categories where cate_name=''] 
24.03.2017 04:45:43 sql=[SELECT * FROM vp_categories where cate_name=''] 
24.03.2017 04:45:49 sql=[SELECT * FROM vp_categories where cate_name=''] 
24.03.2017 04:47:38 sql=[SELECT * FROM vp_categories where cate_name=''] 
24.03.2017 04:49:19 sql=[SELECT * FROM vp_categories where cate_name=''] 
24.03.2017 04:49:22 sql=[SELECT * FROM vp_categories where cate_name='21'] 
24.03.2017 10:49:25 <!-- sql=[insert into vp_categories (cate_name,created_at,updated_at) values (n'21',n'2017-03-24-10-49-25',n'2017-03-24-10-49-25')] --> 
24.03.2017 10:49:25 sql=[SELECT * FROM vp_categories] 
24.03.2017 10:49:29 <!-- sql=[insert into vp_categories (cate_name,created_at,updated_at) values (n'21',n'2017-03-24-10-49-29',n'2017-03-24-10-49-29')] --> 
24.03.2017 10:49:29 sql=[SELECT * FROM vp_categories] 
24.03.2017 04:52:25 sql=[SELECT * FROM vp_categories where cate_name='12'] 
24.03.2017 10:52:25 <!-- sql=[insert into vp_categories (cate_name,created_at,updated_at) values (n'12',n'2017-03-24-10-52-25',n'2017-03-24-10-52-25')] --> 
24.03.2017 10:52:25 sql=[SELECT * FROM vp_categories] 
24.03.2017 04:53:06 sql=[SELECT * FROM vp_categories where cate_name='43'] 
24.03.2017 04:53:10 sql=[SELECT * FROM vp_categories where cate_name='43'] 
24.03.2017 10:53:10 <!-- sql=[insert into vp_categories (cate_name,created_at,updated_at) values (n'43',n'2017-03-24-10-53-10',n'2017-03-24-10-53-10')] --> 
24.03.2017 10:53:10 sql=[SELECT * FROM vp_categories] 
24.03.2017 04:54:14 sql=[SELECT * FROM vp_categories where cate_name='23'] 
24.03.2017 10:54:15 <!-- sql=[insert into vp_categories (cate_name,created_at,updated_at) values (n'23',n'2017-03-24-10-54-15',n'2017-03-24-10-54-15')] --> 
24.03.2017 10:54:16 sql=[SELECT * FROM vp_categories] 
24.03.2017 04:54:23 sql=[SELECT * FROM vp_categories where cate_name='23'] 
24.03.2017 04:54:30 sql=[SELECT * FROM vp_categories where cate_name='23'] 
24.03.2017 04:54:34 sql=[SELECT * FROM vp_categories where cate_name=''] 
24.03.2017 05:14:31 sql=[SELECT * FROM vp_categories where cate_name=''] 
24.03.2017 05:15:28 sql=[SELECT * FROM vp_categories where cate_name=''] 
24.03.2017 05:15:37 sql=[SELECT * FROM vp_categories where cate_name=''] 
24.03.2017 05:15:44 sql=[SELECT * FROM vp_categories where cate_name='12'] 
24.03.2017 05:16:12 sql=[SELECT * FROM vp_categories where cate_name='52'] 
24.03.2017 05:17:12 sql=[SELECT * FROM vp_categories where cate_name='66'] 
24.03.2017 05:17:13 sql=[SELECT * FROM vp_categories where cate_name='66'] 
24.03.2017 11:17:13 <!-- sql=[insert into vp_categories (cate_name,created_at,updated_at) values (n'66',n'2017-03-24-11-17-13',n'2017-03-24-11-17-13')] --> 
24.03.2017 11:17:14 sql=[SELECT * FROM vp_categories] 
24.03.2017 05:17:26 sql=[SELECT * FROM vp_categories where cate_name='66'] 
24.03.2017 05:17:42 sql=[SELECT * FROM vp_categories where cate_name='66'] 
24.03.2017 05:18:10 sql=[SELECT * FROM vp_categories where cate_name='12121'] 
24.03.2017 11:18:10 <!-- sql=[insert into vp_categories (cate_name,created_at,updated_at) values (n'12121',n'2017-03-24-11-18-10',n'2017-03-24-11-18-10')] --> 
24.03.2017 11:18:11 sql=[SELECT * FROM vp_categories] 
24.03.2017 05:18:23 sql=[SELECT * FROM vp_categories where cate_name=''] 
24.03.2017 05:20:44 sql=[SELECT * FROM vp_categories where cate_name=''] 
24.03.2017 05:20:45 sql=[SELECT * FROM vp_categories where cate_name=''] 
24.03.2017 05:20:46 sql=[SELECT * FROM vp_categories where cate_name=''] 
24.03.2017 05:20:49 sql=[SELECT * FROM vp_categories where cate_name='12'] 
24.03.2017 05:20:51 sql=[SELECT * FROM vp_categories where cate_name='3'] 
24.03.2017 05:20:54 sql=[SELECT * FROM vp_categories where cate_name='3'] 
24.03.2017 05:20:59 sql=[SELECT * FROM vp_categories where cate_name=''] 
24.03.2017 05:22:34 sql=[SELECT * FROM vp_categories where cate_name=''] 
24.03.2017 05:23:00 sql=[SELECT * FROM vp_categories where cate_name=''] 
24.03.2017 05:23:14 sql=[SELECT * FROM vp_categories where cate_name=''] 
24.03.2017 05:39:39 sql=[SELECT * FROM vp_categories where cate_name='12'] 
24.03.2017 05:39:42 sql=[SELECT * FROM vp_categories where cate_name='12313'] 
24.03.2017 11:39:43 <!-- sql=[insert into vp_categories (cate_name,created_at,updated_at) values (n'12313',n'2017-03-24-11-39-43',n'2017-03-24-11-39-43')] --> 
24.03.2017 11:39:43 sql=[SELECT * FROM vp_categories] 
28.03.2017 02:23:20 sql=[SELECT * FROM vp_categories where cate_name='chi dau'] 
28.03.2017 07:23:22 <!-- sql=[insert into vp_categories (cate_name,created_at,updated_at) values (n'chi dau',n'2017-03-28-07-23-22',n'2017-03-28-07-23-22')] --> 
28.03.2017 07:23:22 sql=[SELECT * FROM vp_categories] 
28.03.2017 02:24:22 sql=[SELECT * FROM vp_categories where cate_name=''] 
28.03.2017 02:24:24 sql=[SELECT * FROM vp_categories where cate_name=''] 
28.03.2017 02:24:29 sql=[SELECT * FROM vp_categories where cate_name='d'] 
28.03.2017 02:24:31 sql=[SELECT * FROM vp_categories where cate_name=''] 
28.03.2017 02:24:36 sql=[SELECT * FROM vp_categories where cate_name='da'] 
28.03.2017 02:24:39 sql=[SELECT * FROM vp_categories where cate_name=''] 
28.03.2017 02:25:06 sql=[SELECT * FROM vp_categories where cate_name='iphone'] 
28.03.2017 02:32:49 sql=[SELECT * FROM vp_categories where cate_name=''] 
28.03.2017 02:32:55 sql=[SELECT * FROM vp_categories where cate_name='iphone'] 
28.03.2017 02:33:02 sql=[SELECT * FROM vp_categories where cate_name='nguyendai'] 
28.03.2017 02:33:05 sql=[SELECT * FROM vp_categories where cate_name=''] 
28.03.2017 03:30:12 sql=[SELECT * FROM vp_categories where cate_name='chi dau'] 
28.03.2017 08:30:15 <!-- sql=[insert into vp_categories (cate_name,created_at,updated_at) values (n'chi dau',n'2017-03-28-08-30-15',n'2017-03-28-08-30-15')] --> 
28.03.2017 08:30:15 sql=[SELECT * FROM vp_categories] 
28.03.2017 03:33:33 sql=[SELECT * FROM vp_categories where cate_name='chi dau'] 
28.03.2017 08:33:33 <!-- sql=[insert into vp_categories (cate_name,created_at,updated_at) values (n'chi dau',n'2017-03-28-08-33-33',n'2017-03-28-08-33-33')] --> 
28.03.2017 08:33:33 sql=[SELECT * FROM vp_categories] 
28.03.2017 03:36:05 sql=[SELECT * FROM vp_categories where cate_name='chi dau'] 
28.03.2017 03:36:22 sql=[SELECT * FROM vp_categories where cate_name='chi dau'] 
28.03.2017 08:36:24 <!-- sql=[insert into vp_categories (cate_name,created_at,updated_at) values (n'chi dau',n'2017-03-28-08-36-24',n'2017-03-28-08-36-24')] --> 
28.03.2017 08:36:24 sql=[SELECT * FROM vp_categories] 
28.03.2017 08:36:38 <!-- sql=[insert into vp_categories (cate_name,created_at,updated_at) values (n'',n'2017-03-28-08-36-38',n'2017-03-28-08-36-38')] --> 
28.03.2017 08:36:38 sql=[SELECT * FROM vp_categories] 
28.03.2017 03:37:30 sql=[SELECT * FROM vp_categories where cate_name='chi dau'] 
28.03.2017 03:37:32 sql=[SELECT * FROM vp_categories where cate_name='chi dau1'] 
28.03.2017 08:37:36 <!-- sql=[insert into vp_categories (cate_name,created_at,updated_at) values (n'chi dau1',n'2017-03-28-08-37-36',n'2017-03-28-08-37-36')] --> 
28.03.2017 08:37:36 sql=[SELECT * FROM vp_categories] 
28.03.2017 08:37:40 <!-- sql=[insert into vp_categories (cate_name,created_at,updated_at) values (n'',n'2017-03-28-08-37-40',n'2017-03-28-08-37-40')] --> 
28.03.2017 08:37:40 sql=[SELECT * FROM vp_categories] 
28.03.2017 08:37:48 <!-- sql=[insert into vp_categories (cate_name,created_at,updated_at) values (n'',n'2017-03-28-08-37-48',n'2017-03-28-08-37-48')] --> 
28.03.2017 08:37:48 sql=[SELECT * FROM vp_categories] 
28.03.2017 03:39:02 sql=[SELECT * FROM vp_categories where cate_name='chi dau2'] 
28.03.2017 08:39:03 <!-- sql=[insert into vp_categories (cate_name,created_at,updated_at) values (n'chi dau2',n'2017-03-28-08-39-03',n'2017-03-28-08-39-03')] --> 
28.03.2017 08:39:03 sql=[SELECT * FROM vp_categories] 
28.03.2017 08:39:06 <!-- sql=[insert into vp_categories (cate_name,created_at,updated_at) values (n'',n'2017-03-28-08-39-06',n'2017-03-28-08-39-06')] --> 
28.03.2017 08:39:06 sql=[SELECT * FROM vp_categories] 
28.03.2017 08:39:21 <!-- sql=[insert into vp_categories (cate_name,created_at,updated_at) values (n'',n'2017-03-28-08-39-21',n'2017-03-28-08-39-21')] --> 
28.03.2017 08:39:21 sql=[SELECT * FROM vp_categories] 
28.03.2017 03:39:50 sql=[SELECT * FROM vp_categories where cate_name='iphone'] 
28.03.2017 03:45:07 sql=[SELECT * FROM vp_categories where cate_name=''] 
28.03.2017 03:45:14 sql=[SELECT * FROM vp_categories where cate_name='12'] 
28.03.2017 08:45:17 <!-- sql=[insert into vp_categories (cate_name,created_at,updated_at) values (n'12',n'2017-03-28-08-45-17',n'2017-03-28-08-45-17')] --> 
28.03.2017 08:45:18 sql=[SELECT * FROM vp_categories Where cate_name='12'] 
28.03.2017 03:45:43 sql=[SELECT * FROM vp_categories where cate_name='3`'] 
28.03.2017 08:45:45 <!-- sql=[insert into vp_categories (cate_name,created_at,updated_at) values (n'3`',n'2017-03-28-08-45-45',n'2017-03-28-08-45-45')] --> 
28.03.2017 08:45:45 sql=[SELECT * FROM vp_categories Where cate_name='3`'] 
28.03.2017 03:46:55 sql=[SELECT * FROM vp_categories where cate_name='55'] 
28.03.2017 08:46:55 <!-- sql=[insert into vp_categories (cate_name,created_at,updated_at) values (n'55',n'2017-03-28-08-46-55',n'2017-03-28-08-46-55')] --> 
28.03.2017 08:46:55 sql=[SELECT * FROM vp_categories Where cate_name='55'] 
28.03.2017 03:47:49 sql=[SELECT * FROM vp_categories where cate_name='12'] 
28.03.2017 08:47:54 <!-- sql=[insert into vp_categories (cate_name,created_at,updated_at) values (n'12',n'2017-03-28-08-47-54',n'2017-03-28-08-47-54')] --> 
28.03.2017 08:47:54 sql=[SELECT * FROM vp_categories Where cate_name='12'] 
28.03.2017 03:49:39 sql=[SELECT * FROM vp_categories where cate_name='da'] 
28.03.2017 08:49:46 <!-- sql=[insert into vp_categories (cate_name,created_at,updated_at) values (n'da',n'2017-03-28-08-49-46',n'2017-03-28-08-49-46')] --> 
28.03.2017 08:49:46 sql=[SELECT * FROM vp_categories Where cate_name='da'] 
28.03.2017 03:50:38 sql=[SELECT * FROM vp_categories where cate_name=''] 
28.03.2017 03:50:42 sql=[SELECT * FROM vp_categories where cate_name='s'] 
28.03.2017 03:50:45 sql=[SELECT * FROM vp_categories where cate_name=''] 
28.03.2017 03:50:47 sql=[SELECT * FROM vp_categories where cate_name='s'] 
28.03.2017 03:50:52 sql=[SELECT * FROM vp_categories where cate_name='s'] 
28.03.2017 03:51:58 sql=[SELECT * FROM vp_categories where cate_name='12'] 
28.03.2017 08:51:58 <!-- sql=[insert into vp_categories (cate_name,created_at,updated_at) values (n'12',n'2017-03-28-08-51-58',n'2017-03-28-08-51-58')] --> 
28.03.2017 08:51:59 sql=[SELECT * FROM vp_categories Where cate_name='12'] 
28.03.2017 08:51:59 sql=[SELECT * FROM vp_categories] 
28.03.2017 03:52:34 sql=[SELECT * FROM vp_categories where cate_name='12'] 
28.03.2017 03:52:38 sql=[SELECT * FROM vp_categories where cate_name='124'] 
28.03.2017 08:52:38 <!-- sql=[insert into vp_categories (cate_name,created_at,updated_at) values (n'124',n'2017-03-28-08-52-38',n'2017-03-28-08-52-38')] --> 
28.03.2017 08:52:39 sql=[SELECT * FROM vp_categories Where cate_name='124'] 
28.03.2017 03:53:17 sql=[SELECT * FROM vp_categories where cate_name='12'] 
28.03.2017 08:53:20 <!-- sql=[insert into vp_categories (cate_name,created_at,updated_at) values (n'12',n'2017-03-28-08-53-20',n'2017-03-28-08-53-20')] --> 
28.03.2017 08:53:20 sql=[SELECT * FROM vp_categories Where cate_name='12'] 
28.03.2017 03:55:26 sql=[SELECT * FROM vp_categories where cate_name='12'] 
28.03.2017 08:55:26 <!-- sql=[insert into vp_categories (cate_name,created_at,updated_at) values (n'12',n'2017-03-28-08-55-26',n'2017-03-28-08-55-26')] --> 
28.03.2017 08:55:26 sql=[SELECT * FROM vp_categories Where cate_name='12'] 
28.03.2017 08:55:26 sql=[SELECT * FROM vp_categories] 
28.03.2017 03:56:13 sql=[SELECT * FROM vp_categories where cate_name='12'] 
28.03.2017 03:56:15 sql=[SELECT * FROM vp_categories where cate_name='123'] 
28.03.2017 08:56:18 <!-- sql=[insert into vp_categories (cate_name,created_at,updated_at) values (n'123',n'2017-03-28-08-56-18',n'2017-03-28-08-56-18')] --> 
28.03.2017 03:57:32 sql=[SELECT * FROM vp_categories where cate_name='123'] 
28.03.2017 08:57:33 <!-- sql=[insert into vp_categories (cate_name,created_at,updated_at) values (n'123',n'2017-03-28-08-57-33',n'2017-03-28-08-57-33')] --> 
28.03.2017 08:57:33 sql=[SELECT * FROM vp_categories Where cate_name='123'] 
28.03.2017 08:57:33 sql=[SELECT * FROM vp_categories] 
28.03.2017 08:57:47 <!-- sql=[insert into vp_categories (cate_name,created_at,updated_at) values (n'',n'2017-03-28-08-57-47',n'2017-03-28-08-57-47')] --> 
28.03.2017 08:57:47 sql=[SELECT * FROM vp_categories Where cate_name=''] 
28.03.2017 08:57:47 sql=[SELECT * FROM vp_categories] 
28.03.2017 03:58:43 sql=[SELECT * FROM vp_categories where cate_name='123'] 
28.03.2017 03:58:50 sql=[SELECT * FROM vp_categories where cate_name='nguyendai'] 
28.03.2017 08:58:52 <!-- sql=[insert into vp_categories (cate_name,created_at,updated_at) values (n'nguyendai',n'2017-03-28-08-58-52',n'2017-03-28-08-58-52')] --> 
28.03.2017 08:58:52 sql=[SELECT * FROM vp_categories Where cate_name='nguyendai'] 
28.03.2017 10:09:30 <!-- sql=[insert into vp_categories (cate_name,created_at,updated_at) values (n'q',n'2017-03-28-10-09-30',n'2017-03-28-10-09-30')] --> 
28.03.2017 10:09:30 sql=[SELECT * FROM vp_categories Where cate_name='q'] 
28.03.2017 10:12:19 <!-- sql=[insert into vp_categories (cate_name,created_at,updated_at) values (n'12',n'2017-03-28-10-12-19',n'2017-03-28-10-12-19')] --> 
28.03.2017 10:12:19 sql=[SELECT * FROM vp_categories Where cate_name='12'] 
28.03.2017 05:13:04 sql=[SELECT * FROM vp_categories where cate_name=''] 
28.03.2017 05:13:06 sql=[SELECT * FROM vp_categories where cate_name='12'] 
28.03.2017 05:13:08 sql=[SELECT * FROM vp_categories where cate_name='12'] 
28.03.2017 05:13:10 sql=[SELECT * FROM vp_categories where cate_name='1221'] 
28.03.2017 05:13:11 sql=[SELECT * FROM vp_categories where cate_name='1221'] 
28.03.2017 05:13:16 sql=[SELECT * FROM vp_categories where cate_name=''] 
28.03.2017 05:13:18 sql=[SELECT * FROM vp_categories where cate_name=''] 
28.03.2017 05:13:19 sql=[SELECT * FROM vp_categories where cate_name=''] 
28.03.2017 05:13:21 sql=[SELECT * FROM vp_categories where cate_name=''] 
28.03.2017 05:13:23 sql=[SELECT * FROM vp_categories where cate_name=''] 
28.03.2017 05:13:51 sql=[SELECT * FROM vp_categories where cate_name=''] 
28.03.2017 05:15:13 sql=[SELECT * FROM vp_categories where cate_name=''] 
28.03.2017 05:15:15 sql=[SELECT * FROM vp_categories where cate_name=''] 
28.03.2017 05:16:04 sql=[SELECT * FROM vp_categories where cate_name='123`'] 
28.03.2017 10:16:08 <!-- sql=[insert into vp_categories (cate_name,created_at,updated_at) values (n'123`',n'2017-03-28-10-16-08',n'2017-03-28-10-16-08')] --> 
28.03.2017 10:16:08 sql=[SELECT * FROM vp_categories Where cate_name='123`'] 
28.03.2017 10:16:11 <!-- sql=[insert into vp_categories (cate_name,created_at,updated_at) values (n'123`',n'2017-03-28-10-16-11',n'2017-03-28-10-16-11')] --> 
28.03.2017 10:16:11 sql=[SELECT * FROM vp_categories Where cate_name='123`'] 
28.03.2017 10:16:12 <!-- sql=[insert into vp_categories (cate_name,created_at,updated_at) values (n'123`',n'2017-03-28-10-16-12',n'2017-03-28-10-16-12')] --> 
28.03.2017 10:16:12 sql=[SELECT * FROM vp_categories Where cate_name='123`'] 
28.03.2017 10:16:13 <!-- sql=[insert into vp_categories (cate_name,created_at,updated_at) values (n'123`',n'2017-03-28-10-16-13',n'2017-03-28-10-16-13')] --> 
28.03.2017 10:16:13 sql=[SELECT * FROM vp_categories Where cate_name='123`'] 
28.03.2017 10:16:18 <!-- sql=[insert into vp_categories (cate_name,created_at,updated_at) values (n'123`',n'2017-03-28-10-16-18',n'2017-03-28-10-16-18')] --> 
28.03.2017 10:16:18 sql=[SELECT * FROM vp_categories Where cate_name='123`'] 
28.03.2017 10:16:18 <!-- sql=[insert into vp_categories (cate_name,created_at,updated_at) values (n'123`',n'2017-03-28-10-16-18',n'2017-03-28-10-16-18')] --> 
28.03.2017 10:16:18 sql=[SELECT * FROM vp_categories Where cate_name='123`'] 
28.03.2017 10:16:19 <!-- sql=[insert into vp_categories (cate_name,created_at,updated_at) values (n'123`',n'2017-03-28-10-16-19',n'2017-03-28-10-16-19')] --> 
28.03.2017 10:16:19 sql=[SELECT * FROM vp_categories Where cate_name='123`'] 
28.03.2017 10:16:20 <!-- sql=[insert into vp_categories (cate_name,created_at,updated_at) values (n'123`',n'2017-03-28-10-16-20',n'2017-03-28-10-16-20')] --> 
28.03.2017 10:16:20 sql=[SELECT * FROM vp_categories Where cate_name='123`'] 
28.03.2017 05:16:30 sql=[SELECT * FROM vp_categories where cate_name='1234'] 
28.03.2017 10:16:33 <!-- sql=[insert into vp_categories (cate_name,created_at,updated_at) values (n'1234',n'2017-03-28-10-16-33',n'2017-03-28-10-16-33')] --> 
28.03.2017 10:16:33 sql=[SELECT * FROM vp_categories Where cate_name='1234'] 
28.03.2017 10:17:20 <!-- sql=[insert into vp_categories (cate_name,created_at,updated_at) values (n'1234',n'2017-03-28-10-17-20',n'2017-03-28-10-17-20')] --> 
28.03.2017 10:17:20 sql=[SELECT * FROM vp_categories Where cate_name='1234'] 
28.03.2017 10:17:21 <!-- sql=[insert into vp_categories (cate_name,created_at,updated_at) values (n'1234',n'2017-03-28-10-17-21',n'2017-03-28-10-17-21')] --> 
28.03.2017 10:17:21 sql=[SELECT * FROM vp_categories Where cate_name='1234'] 
28.03.2017 10:17:21 <!-- sql=[insert into vp_categories (cate_name,created_at,updated_at) values (n'1234',n'2017-03-28-10-17-21',n'2017-03-28-10-17-21')] --> 
28.03.2017 10:17:21 sql=[SELECT * FROM vp_categories Where cate_name='1234'] 
28.03.2017 10:17:21 <!-- sql=[insert into vp_categories (cate_name,created_at,updated_at) values (n'1234',n'2017-03-28-10-17-21',n'2017-03-28-10-17-21')] --> 
28.03.2017 10:17:21 sql=[SELECT * FROM vp_categories Where cate_name='1234'] 
28.03.2017 05:19:39 sql=[SELECT * FROM vp_categories where cate_name='12'] 
28.03.2017 05:20:37 sql=[SELECT * FROM vp_categories where cate_name='12'] 
28.03.2017 10:20:38 sql=[SELECT * FROM vp_categories Where cate_name='12'] 
28.03.2017 10:20:38 <!-- sql=[insert into vp_categories (cate_name,created_at,updated_at) values (n'12',n'2017-03-28-10-20-38',n'2017-03-28-10-20-38')] --> 
28.03.2017 10:20:38 sql=[SELECT * FROM vp_categories] 
28.03.2017 10:20:44 sql=[SELECT * FROM vp_categories Where cate_name='12'] 
28.03.2017 05:21:12 sql=[SELECT * FROM vp_categories where cate_name='12'] 
28.03.2017 05:21:16 sql=[SELECT * FROM vp_categories where cate_name='3123'] 
28.03.2017 10:21:17 sql=[SELECT * FROM vp_categories Where cate_name='3123'] 
28.03.2017 10:21:17 <!-- sql=[insert into vp_categories (cate_name,created_at,updated_at) values (n'3123',n'2017-03-28-10-21-17',n'2017-03-28-10-21-17')] --> 
28.03.2017 10:21:17 sql=[SELECT * FROM vp_categories] 
28.03.2017 05:36:28 sql=[SELECT * FROM vp_categories where cate_name='Xao Mi'] 
28.03.2017 10:36:30 sql=[SELECT * FROM vp_categories Where cate_name='Xao Mi'] 
28.03.2017 05:41:15 sql=[SELECT * FROM vp_categories where cate_name='SamSung'] 
28.03.2017 05:41:21 sql=[SELECT * FROM vp_categories where cate_name='SamSung12'] 
28.03.2017 05:42:32 sql=[SELECT * FROM vp_categories where cate_name='Motorola'] 
28.03.2017 10:42:32 sql=[SELECT * FROM vp_categories Where cate_name='Motorola'] 
28.03.2017 10:42:32 <!-- sql=[insert into vp_categories (cate_name,created_at,updated_at) values (n'Motorola',n'2017-03-28-10-42-32',n'2017-03-28-10-42-32')] --> 
28.03.2017 10:42:32 sql=[SELECT * FROM vp_categories] 
28.03.2017 05:42:40 sql=[SELECT * FROM vp_categories where cate_name=''] 
28.03.2017 05:42:48 sql=[SELECT * FROM vp_categories where cate_name=''] 
28.03.2017 05:43:11 sql=[SELECT * FROM vp_categories where cate_name='HTC'] 
28.03.2017 06:33:56 sql=[SELECT * FROM vp_categories where cate_name='12'] 
28.03.2017 11:33:57 sql=[SELECT * FROM vp_categories Where cate_name='12'] 
28.03.2017 11:33:57 <!-- sql=[insert into vp_categories (cate_name,created_at,updated_at) values (n'12',n'2017-03-28-11-33-57',n'2017-03-28-11-33-57')] --> 
28.03.2017 11:33:57 sql=[SELECT * FROM vp_categories] 
28.03.2017 06:35:19 sql=[SELECT * FROM vp_categories where cate_name=''] 
28.03.2017 06:35:22 sql=[SELECT * FROM vp_categories where cate_name='qw'] 
28.03.2017 06:36:29 sql=[SELECT * FROM vp_categories where cate_name='12'] 
28.03.2017 11:36:30 sql=[SELECT * FROM vp_categories Where cate_name='12'] 
28.03.2017 11:36:30 <!-- sql=[insert into vp_categories (cate_name,created_at,updated_at) values (n'12',n'2017-03-28-11-36-30',n'2017-03-28-11-36-30')] --> 
28.03.2017 11:36:30 sql=[SELECT * FROM vp_categories] 
28.03.2017 06:37:45 sql=[SELECT * FROM vp_categories where cate_name='12'] 
28.03.2017 11:37:46 sql=[SELECT * FROM vp_categories Where cate_name='12'] 
28.03.2017 11:37:46 <!-- sql=[insert into vp_categories (cate_name,created_at,updated_at) values (n'12',n'2017-03-28-11-37-46',n'2017-03-28-11-37-46')] --> 
28.03.2017 11:37:46 sql=[SELECT * FROM vp_categories] 
28.03.2017 06:37:53 sql=[SELECT * FROM vp_categories where cate_name='12'] 
28.03.2017 11:37:53 sql=[SELECT * FROM vp_categories Where cate_name='12'] 
28.03.2017 11:37:53 <!-- sql=[insert into vp_categories (cate_name,created_at,updated_at) values (n'12',n'2017-03-28-11-37-53',n'2017-03-28-11-37-53')] --> 
28.03.2017 11:37:53 sql=[SELECT * FROM vp_categories] 
28.03.2017 11:39:02 <!-- sql=[] --> 
28.03.2017 11:39:02 sql=[SELECT * FROM vp_categories] 
28.03.2017 06:39:09 sql=[SELECT * FROM vp_categories where cate_name='123'] 
28.03.2017 11:39:09 <!-- sql=[] --> 
28.03.2017 11:39:09 sql=[SELECT * FROM vp_categories] 
28.03.2017 06:39:45 sql=[SELECT * FROM vp_categories where cate_name='12'] 
28.03.2017 06:39:50 sql=[SELECT * FROM vp_categories where cate_name='123'] 
28.03.2017 11:39:51 <!-- sql=[] --> 
28.03.2017 11:39:51 sql=[SELECT * FROM vp_categories] 
28.03.2017 06:40:35 sql=[SELECT * FROM vp_categories where cate_name='123'] 
28.03.2017 06:42:11 sql=[SELECT * FROM vp_categories where cate_name='124'] 
28.03.2017 11:42:11 <!-- sql=[update vp_categories set cate_name=n'124',updated_at=n'2017-03-28-11-42-11' where cate_id=53] --> 
28.03.2017 11:42:11 sql=[SELECT * FROM vp_categories] 
28.03.2017 06:44:01 sql=[SELECT * FROM vp_categories where cate_name='1244'] 
28.03.2017 11:44:01 <!-- sql=[update vp_categories set cate_name=n'1244',updated_at=n'2017-03-28-11-44-01' where cate_id=53] --> 
28.03.2017 11:44:01 sql=[SELECT * FROM vp_categories] 
28.03.2017 06:47:59 sql=[SELECT * FROM vp_categories where cate_name='123'] 
28.03.2017 11:48:01 sql=[SELECT * FROM vp_categories Where cate_name='123'] 
28.03.2017 11:48:01 <!-- sql=[insert into vp_categories (cate_name,created_at,updated_at) values (n'123',n'2017-03-28-11-48-01',n'2017-03-28-11-48-01')] --> 
28.03.2017 11:48:01 sql=[SELECT * FROM vp_categories] 
28.03.2017 06:48:07 sql=[SELECT * FROM vp_categories where cate_name='1234'] 
28.03.2017 11:48:07 <!-- sql=[update vp_categories set cate_name=n'1234',updated_at=n'2017-03-28-11-48-07' where cate_id=54] --> 
28.03.2017 11:48:07 sql=[SELECT * FROM vp_categories] 
28.03.2017 06:48:11 sql=[SELECT * FROM vp_categories where cate_name=''] 
28.03.2017 06:48:19 sql=[SELECT * FROM vp_categories where cate_name='12344'] 
28.03.2017 11:48:20 <!-- sql=[update vp_categories set cate_name=n'12344',updated_at=n'2017-03-28-11-48-20' where cate_id=54] --> 
28.03.2017 11:48:20 sql=[SELECT * FROM vp_categories] 
30.03.2017 02:58:43 sql=[SELECT * FROM vp_categories where cate_name='huy'] 
30.03.2017 07:58:48 sql=[SELECT * FROM vp_categories Where cate_name='huy'] 
30.03.2017 07:58:48 <!-- sql=[insert into vp_categories (cate_name,created_at,updated_at) values (n'huy',n'2017-03-30-07-58-48',n'2017-03-30-07-58-48')] --> 
30.03.2017 07:58:48 sql=[SELECT * FROM vp_categories] 
30.03.2017 02:59:09 sql=[SELECT * FROM vp_categories where cate_name='huy123'] 
30.03.2017 07:59:09 <!-- sql=[update vp_categories set cate_name=n'huy123',updated_at=n'2017-03-30-07-59-09' where cate_id=50] --> 
30.03.2017 07:59:09 sql=[SELECT * FROM vp_categories] 
30.03.2017 02:59:34 sql=[SELECT * FROM vp_categories where cate_name='huy1234'] 
30.03.2017 07:59:34 <!-- sql=[update vp_categories set cate_name=n'huy1234',updated_at=n'2017-03-30-07-59-34' where cate_id=50] --> 
30.03.2017 07:59:34 sql=[SELECT * FROM vp_categories] 
30.03.2017 02:59:37 sql=[SELECT * FROM vp_categories where cate_name='23`'] 
30.03.2017 02:59:39 sql=[SELECT * FROM vp_categories where cate_name='23'] 
30.03.2017 02:59:52 sql=[SELECT * FROM vp_categories where cate_name=''] 
30.03.2017 02:59:55 sql=[SELECT * FROM vp_categories where cate_name=''] 
30.03.2017 02:59:57 sql=[SELECT * FROM vp_categories where cate_name=''] 
30.03.2017 03:00:05 sql=[SELECT * FROM vp_categories where cate_name=''] 
30.03.2017 03:00:20 sql=[SELECT * FROM vp_categories where cate_name=''] 
30.03.2017 03:00:42 sql=[SELECT * FROM vp_products where prod_name='http://localhost/BTl/admin/index.php?page=product'] 
30.03.2017 03:12:26 sql=[SELECT * FROM vp_categories where cate_name=''] 
31.03.2017 04:53:24 sql=[SELECT * FROM vp_categories where cate_name=''] 
31.03.2017 06:07:22 sql=[SELECT * FROM vp_categories where cate_name=''] 
31.03.2017 06:07:34 sql=[SELECT * FROM vp_categories where cate_name=''] 
01.04.2017 03:07:24 sql=[SELECT * FROM vp_categories where cate_name=''] 
01.04.2017 03:07:40 sql=[SELECT * FROM vp_categories where cate_name=''] 
01.04.2017 03:16:20 sql=[SELECT * FROM vp_categories where cate_name=''] 
01.04.2017 03:30:54 sql=[SELECT * FROM vp_categories where cate_name=''] 
01.04.2017 05:32:38 sql=[SELECT * FROM vp_products where prod_name='123'] 
01.04.2017 05:32:46 sql=[SELECT * FROM vp_products where prod_name='nguyendai95'] 
01.04.2017 05:33:13 sql=[SELECT * FROM vp_products where prod_name='32'] 
01.04.2017 05:33:39 sql=[SELECT * FROM vp_products where prod_name='iphone 5s'] 
01.04.2017 05:40:09 sql=[SELECT * FROM vp_categories where cate_name='sony'] 
01.04.2017 10:40:09 <!-- sql=[update vp_categories set cate_name=n'sony',updated_at=n'2017-04-01-10-40-09' where cate_id=49] --> 
01.04.2017 10:40:09 sql=[SELECT * FROM vp_categories] 
01.04.2017 05:45:41 sql=[SELECT * FROM vp_products where prod_name='Samsung Galaxy S8 black'] 
01.04.2017 05:49:17 sql=[SELECT * FROM vp_products where prod_name='Samsung Galaxy S8 black'] 
01.04.2017 05:50:39 sql=[SELECT * FROM vp_products where prod_name='Samsung Galaxy S8 black'] 
01.04.2017 05:51:53 sql=[SELECT * FROM vp_products where prod_name='Samsung Galaxy S8 black'] 
01.04.2017 06:11:18 sql=[SELECT * FROM vp_products where prod_name='Samsung Galaxy S8 black'] 
01.04.2017 06:12:23 sql=[SELECT * FROM vp_products where prod_name='Samsung Galaxy S8 black'] 
01.04.2017 06:17:33 sql=[SELECT * FROM vp_products where prod_name='Samsung Galaxy S8 black'] 
01.04.2017 06:19:07 sql=[SELECT * FROM vp_products where prod_name='Samsung Galaxy S8 black'] 
01.04.2017 07:02:12 sql=[SELECT * FROM vp_products where prod_name='Iphone 7s plus Red'] 
01.04.2017 07:02:33 sql=[SELECT * FROM vp_products where prod_name='Iphone 7s plus Pink'] 
04.04.2017 10:55:37 sql=[SELECT * FROM vp_categories where cate_name='12'] 
04.04.2017 10:55:43 sql=[SELECT * FROM vp_categories where cate_name='ngiuendap'] 
04.04.2017 10:55:48 sql=[SELECT * FROM vp_categories where cate_name='iphone'] 
04.04.2017 10:55:53 sql=[SELECT * FROM vp_categories where cate_name='nguyendai'] 
